[14:15:28] [Server thread/INFO]: Starting minecraft server version 1.7.10
[14:15:28] [Server thread/WARN]: To start the server with more ram, launch it as "java -Xmx1024M -Xms1024M -jar minecraft_server.jar"
[14:15:28] [Server thread/INFO]: Loading properties
[14:15:28] [Server console handler/ERROR]: Exception handling console input
java.io.IOException: The handle is invalid
	at java.io.FileInputStream.readBytes(Native Method) ~[?:1.7.0_67]
	at java.io.FileInputStream.read(Unknown Source) ~[?:1.7.0_67]
	at java.io.BufferedInputStream.read1(Unknown Source) ~[?:1.7.0_67]
	at java.io.BufferedInputStream.read(Unknown Source) ~[?:1.7.0_67]
	at sun.nio.cs.StreamDecoder.readBytes(Unknown Source) ~[?:1.7.0_67]
	at sun.nio.cs.StreamDecoder.implRead(Unknown Source) ~[?:1.7.0_67]
	at sun.nio.cs.StreamDecoder.read(Unknown Source) ~[?:1.7.0_67]
	at java.io.InputStreamReader.read(Unknown Source) ~[?:1.7.0_67]
	at java.io.BufferedReader.fill(Unknown Source) ~[?:1.7.0_67]
	at java.io.BufferedReader.readLine(Unknown Source) ~[?:1.7.0_67]
	at java.io.BufferedReader.readLine(Unknown Source) ~[?:1.7.0_67]
	at lv.run(SourceFile:79) [minecraft_server.1.7.10.jar:?]
[14:15:28] [Server thread/INFO]: Default game type: SURVIVAL
[14:15:28] [Server thread/INFO]: Generating keypair
[14:15:28] [Server thread/INFO]: Starting Minecraft server on *:25565
[14:15:29] [Server thread/INFO]: Preparing level "world"
[14:15:29] [Server thread/INFO]: Preparing start region for level 0
[14:15:30] [Server thread/INFO]: Preparing spawn area: 38%
[14:15:31] [Server thread/INFO]: Preparing spawn area: 96%
[14:15:31] [Server thread/INFO]: Done (2,259s)! For help, type "help" or "?"
[15:30:23] [Server thread/INFO]: [Server] YOLO'
[16:09:25] [User Authenticator #1/INFO]: UUID of player Vilgot2000 is c10c7ee2-d9bc-46bb-bd91-ae941103a955
[16:09:26] [Server thread/INFO]: Vilgot2000[/85.230.14.47:49728] logged in with entity id 193 at (425.18648690228895, 84.0, 546.3762984030959)
[16:09:26] [Server thread/INFO]: Vilgot2000 joined the game
[16:10:40] [Server thread/INFO]: Vilgot2000 lost connection: TextComponent{text='Disconnected', siblings=[], style=Style{hasParent=false, color=null, bold=null, italic=null, underlined=null, obfuscated=null, clickEvent=null, hoverEvent=null}}
[16:10:40] [Server thread/INFO]: Vilgot2000 left the game
[16:10:53] [User Authenticator #2/INFO]: UUID of player Alvin_Norin is 51860a53-ea65-4068-acd1-150cd341c7fb
[16:10:54] [Server thread/INFO]: Alvin_Norin[/85.226.186.137:63228] logged in with entity id 492 at (452.8322957649699, 89.0, 547.0080233615694)
[16:10:54] [Server thread/INFO]: Alvin_Norin joined the game
[16:10:57] [Server thread/INFO]: Alvin_Norin lost connection: TextComponent{text='Disconnected', siblings=[], style=Style{hasParent=false, color=null, bold=null, italic=null, underlined=null, obfuscated=null, clickEvent=null, hoverEvent=null}}
[16:10:57] [Server thread/INFO]: Alvin_Norin left the game
[16:11:48] [User Authenticator #3/INFO]: UUID of player Vilgot2000 is c10c7ee2-d9bc-46bb-bd91-ae941103a955
[16:11:49] [Server thread/INFO]: Vilgot2000[/85.230.14.47:49744] logged in with entity id 567 at (425.82968100481565, 84.0, 544.3583433189592)
[16:11:49] [Server thread/INFO]: Vilgot2000 joined the game
[16:11:55] [User Authenticator #4/INFO]: UUID of player Alvin_Norin is 51860a53-ea65-4068-acd1-150cd341c7fb
[16:11:55] [Server thread/INFO]: Alvin_Norin[/85.226.186.137:63242] logged in with entity id 660 at (452.8322957649699, 89.0, 547.0080233615694)
[16:11:55] [Server thread/INFO]: Alvin_Norin joined the game
[16:12:01] [Server thread/INFO]: <Vilgot2000> yo
[16:12:02] [Server thread/INFO]: com.mojang.authlib.GameProfile@1292def[id=<null>,name=Vilgot2000,properties={},legacy=false] (/85.230.14.47:49737) lost connection: Disconnected
[16:12:27] [Server thread/INFO]: <Alvin_Norin> Varför har jag två fps???!!
[16:12:33] [Server thread/INFO]: <Vilgot2000> haha
[16:13:06] [User Authenticator #5/INFO]: UUID of player popkrull is d7d65cb1-7d8f-4ea4-b43e-232e5a2618a8
[16:13:06] [Server thread/INFO]: popkrull[/78.72.153.221:64072] logged in with entity id 911 at (-47.732778323689764, 70.0, 59.61876782929298)
[16:13:06] [Server thread/INFO]: popkrull joined the game
[16:13:08] [Server thread/INFO]: <Alvin_Norin> Guud, min hårddisk stänger av sig och sätter på sig hela tid'n..
[16:13:26] [Server thread/INFO]: <popkrull> :s
[16:13:35] [Server thread/INFO]: <Vilgot2000> tja
[16:13:41] [Server thread/INFO]: <popkrull> yo!
[16:14:38] [Server thread/INFO]: Vilgot2000 lost connection: TranslatableComponent{key='disconnect.genericReason', args=[Internal Exception: java.io.IOException: An established connection was aborted by the software in your host machine], siblings=[], style=Style{hasParent=false, color=null, bold=null, italic=null, underlined=null, obfuscated=null, clickEvent=null, hoverEvent=null}}
[16:14:38] [Server thread/INFO]: Vilgot2000 left the game
[16:14:42] [Server thread/INFO]: <popkrull> Kan jag tpa elr ska jag gå hela vägen?
[16:14:50] [User Authenticator #6/INFO]: UUID of player Vilgot2000 is c10c7ee2-d9bc-46bb-bd91-ae941103a955
[16:14:50] [Server thread/INFO]: Vilgot2000[/85.230.14.47:49748] logged in with entity id 1832 at (407.31239267585187, 72.0, 522.7932887555761)
[16:14:50] [Server thread/INFO]: Vilgot2000 joined the game
[16:15:02] [Server thread/INFO]: <Alvin_Norin> Du ska gå, fatta!
[16:15:13] [Server thread/INFO]: popkrull drowned
[16:15:23] [Server thread/INFO]: <Vilgot2000> test
[16:15:30] [Server thread/INFO]: <popkrull> Koordinater?
[16:15:39] [Server thread/INFO]: <Vilgot2000> sär
[16:15:39] [Server thread/INFO]: Vilgot2000 lost connection: TextComponent{text='Disconnected', siblings=[], style=Style{hasParent=false, color=null, bold=null, italic=null, underlined=null, obfuscated=null, clickEvent=null, hoverEvent=null}}
[16:15:39] [Server thread/INFO]: Vilgot2000 left the game
[16:16:01] [Server thread/INFO]: <Alvin_Norin> x: 450, y: 548
[16:16:11] [Server thread/INFO]: <Alvin_Norin> :)
[16:16:13] [Server thread/INFO]: <popkrull> :D
[16:16:15] [User Authenticator #7/INFO]: UUID of player Vilgot2000 is c10c7ee2-d9bc-46bb-bd91-ae941103a955
[16:16:15] [Server thread/INFO]: Vilgot2000[/85.230.14.47:49768] logged in with entity id 3334 at (407.54215691970575, 72.0, 522.2003863532424)
[16:16:15] [Server thread/INFO]: Vilgot2000 joined the game
[16:16:25] [Server thread/INFO]: <Vilgot2000> test
[16:16:26] [Server thread/INFO]: <popkrull> y?...
[16:16:28] [Server thread/INFO]: <Vilgot2000> test
[16:16:34] [Server thread/INFO]: <popkrull> z vill jag ha :3
[16:16:52] [Server thread/INFO]: Vilgot2000 lost connection: TextComponent{text='Disconnected', siblings=[], style=Style{hasParent=false, color=null, bold=null, italic=null, underlined=null, obfuscated=null, clickEvent=null, hoverEvent=null}}
[16:16:52] [Server thread/INFO]: Vilgot2000 left the game
[16:16:53] [Server thread/INFO]: <Alvin_Norin> Jahha, det var z :)
[16:16:57] [Server thread/INFO]: <popkrull> Okj :P
[16:17:12] [Server thread/INFO]: popkrull has just earned the achievement [Getting Wood]
[16:17:34] [Server thread/INFO]: popkrull has just earned the achievement [Benchmarking]
[16:17:50] [User Authenticator #8/INFO]: UUID of player Vilgot2000 is c10c7ee2-d9bc-46bb-bd91-ae941103a955
[16:17:50] [Server thread/INFO]: Vilgot2000[/85.230.14.47:49812] logged in with entity id 4591 at (427.4921254043082, 84.0, 535.5810136645406)
[16:17:50] [Server thread/INFO]: Vilgot2000 joined the game
[16:17:54] [Server thread/INFO]: <Vilgot2000> test
[16:17:57] [Server thread/INFO]: <Vilgot2000> test
[16:18:03] [Server thread/INFO]: <Vilgot2000> tack
[16:18:14] [Server thread/INFO]: <Alvin_Norin> Vad gör du vilgot!?
[16:18:22] [Server thread/INFO]: <Vilgot2000> mitt internet
[16:18:24] [Server thread/INFO]: <Vilgot2000> gör
[16:18:50] [Server thread/INFO]: <Vilgot2000> Dunder och kanoner :D
[16:19:01] [Server thread/INFO]: <Vilgot2000> mysigt
[16:19:43] [Server thread/INFO]: Alvin_Norin lost connection: TranslatableComponent{key='disconnect.genericReason', args=[Internal Exception: java.io.IOException: An existing connection was forcibly closed by the remote host], siblings=[], style=Style{hasParent=false, color=null, bold=null, italic=null, underlined=null, obfuscated=null, clickEvent=null, hoverEvent=null}}
[16:19:43] [Server thread/INFO]: Alvin_Norin left the game
[16:20:03] [Server thread/INFO]: popkrull has just earned the achievement [Time to Strike!]
[16:22:41] [Server thread/INFO]: <popkrull> Jag r vid staden nu :d
[16:22:44] [Server thread/INFO]: <popkrull> :D
[16:22:52] [Server thread/INFO]: <popkrull> Har du mat? :s
[16:24:31] [Server thread/INFO]: <popkrull> Hänger du med och minear?
[16:24:37] [Server thread/INFO]: <popkrull> *minar
[16:24:38] [Server thread/INFO]: <Vilgot2000> inte nu
[16:24:41] [Server thread/INFO]: <popkrull> okj.
[16:25:53] [Server thread/INFO]: popkrull has just earned the achievement [Time to Mine!]
[16:26:19] [Server thread/INFO]: popkrull has just earned the achievement [Getting an Upgrade]
[16:29:48] [Server thread/INFO]: popkrull has just earned the achievement [Hot Topic]
[16:30:10] [Server thread/INFO]: popkrull has just earned the achievement [Acquire Hardware]
[16:34:39] [Server thread/INFO]: <Vilgot2000> leave 1 sec sover
[16:35:10] [Server thread/INFO]: <Vilgot2000> billman
[16:35:52] [User Authenticator #9/INFO]: UUID of player Alvin_Norin is 51860a53-ea65-4068-acd1-150cd341c7fb
[16:35:52] [Server thread/INFO]: Alvin_Norin[/85.226.186.137:49782] logged in with entity id 18817 at (450.68426775702244, 89.0, 548.7677629272812)
[16:35:52] [Server thread/INFO]: Alvin_Norin joined the game
[16:36:17] [Server thread/INFO]: <Vilgot2000> laggar de?
[16:36:32] [Server thread/INFO]: <Alvin_Norin> nej..
[16:36:38] [Server thread/INFO]: <Vilgot2000> goodie
[16:37:02] [Server thread/INFO]: <Alvin_Norin> Vilgot..
[16:37:05] [Server thread/INFO]: <Vilgot2000> ja
[16:37:11] [Server thread/INFO]: <Alvin_Norin> Bron ska vara i mörkt trä..
[16:37:22] [Server thread/INFO]: <Alvin_Norin> Jag ska ha mörkt golv..
[16:37:32] [Server thread/INFO]: <Vilgot2000> men det blir snyggt om det är som en grejsning till mitt hus
[16:37:37] [Server thread/INFO]: <Vilgot2000> att vi har lite i slutet
[16:37:48] [Server thread/INFO]: <Alvin_Norin> ..?
[16:38:05] [Server thread/INFO]: <Vilgot2000> det ska se ut som att det blir till en annan färg
[16:38:14] [Server thread/INFO]: <Vilgot2000> det är ju mest mörkt?
[16:38:15] [Server thread/INFO]: <Alvin_Norin> Visst..
[16:38:30] [Server thread/INFO]: <Alvin_Norin> Men jag ska ha mörkt golv.
[16:38:38] [Server thread/INFO]: <Vilgot2000> ja och bron är mörk
[16:38:45] [Server thread/INFO]: <Vilgot2000> men lite ljus i slutet
[16:38:48] [Server thread/INFO]: <Alvin_Norin> Nej..?
[16:39:10] [Server thread/INFO]: <Alvin_Norin> JAG ska ha mörkt golv faatta inte tröggt!
[16:39:38] [Server thread/INFO]: <Vilgot2000> får visa när jag är hemma
[16:40:13] [Server thread/INFO]: <popkrull> back.
[16:40:26] [Server thread/INFO]: <Vilgot2000> ?
[16:40:32] [Server thread/INFO]: <popkrull> Jag var AFK
[16:40:39] [Server thread/INFO]: <Vilgot2000> ah
[16:42:37] [Server thread/INFO]: <Vilgot2000> alvin
[16:43:09] [Server thread/INFO]: <Vilgot2000> jaha nu fattar jag
[16:43:53] [Server thread/INFO]: <popkrull> Shit vilken stor grotta....
[16:44:07] [Server thread/INFO]: <popkrull> typ 15 blocks till taket.
[16:52:26] [Server thread/INFO]: Vilgot2000 lost connection: TextComponent{text='Disconnected', siblings=[], style=Style{hasParent=false, color=null, bold=null, italic=null, underlined=null, obfuscated=null, clickEvent=null, hoverEvent=null}}
[16:52:26] [Server thread/INFO]: Vilgot2000 left the game
[16:53:01] [User Authenticator #10/INFO]: UUID of player Vilgot2000 is c10c7ee2-d9bc-46bb-bd91-ae941103a955
[16:53:01] [Server thread/INFO]: Vilgot2000[/85.230.14.47:49911] logged in with entity id 34214 at (420.597332791963, 70.0, 531.0090159148309)
[16:53:01] [Server thread/INFO]: Vilgot2000 joined the game
[16:54:14] [Server thread/INFO]: <popkrull> Såå. Vart kan man bygga hus?
[16:54:35] [Server thread/INFO]: <Vilgot2000> vart du vill nästan
[16:54:38] [Server thread/INFO]: <popkrull> :d
[16:54:40] [Server thread/INFO]: <popkrull> :D
[16:54:59] [Server thread/INFO]: <Vilgot2000> bara inte för nära nåns hus
[17:00:26] [Server thread/INFO]: Vilgot2000 lost connection: TextComponent{text='Disconnected', siblings=[], style=Style{hasParent=false, color=null, bold=null, italic=null, underlined=null, obfuscated=null, clickEvent=null, hoverEvent=null}}
[17:00:26] [Server thread/INFO]: Vilgot2000 left the game
[17:02:53] [Server thread/INFO]: <popkrull> gtg ska äta.
[17:02:54] [Server thread/INFO]: popkrull lost connection: TextComponent{text='Disconnected', siblings=[], style=Style{hasParent=false, color=null, bold=null, italic=null, underlined=null, obfuscated=null, clickEvent=null, hoverEvent=null}}
[17:02:54] [Server thread/INFO]: popkrull left the game
[17:09:03] [User Authenticator #11/INFO]: UUID of player Vilgot2000 is c10c7ee2-d9bc-46bb-bd91-ae941103a955
[17:09:03] [Server thread/INFO]: Vilgot2000[/85.230.14.47:49976] logged in with entity id 44786 at (424.313834324542, 70.0, 542.5481003742127)
[17:09:03] [Server thread/INFO]: Vilgot2000 joined the game
[17:09:10] [Server thread/INFO]: <Vilgot2000> alvin
[17:09:18] [Server thread/INFO]: <Alvin_Norin> Jag?
[17:09:21] [Server thread/INFO]: <Vilgot2000> tack
[17:09:25] [Server thread/INFO]: <Vilgot2000> du är inte afk
[17:09:31] [Server thread/INFO]: <Alvin_Norin> nej.
[17:09:35] [Server thread/INFO]: <Vilgot2000> jag miss förstod dig förut
[17:09:37] [Server thread/INFO]: <Vilgot2000> med bron
[17:09:59] [Server thread/INFO]: <Vilgot2000> jag ville att du skulle ha mörkt golv!
[17:10:29] [Server thread/INFO]: <Vilgot2000> va gör dt
[17:10:32] [Server thread/INFO]: <Vilgot2000> du
[17:18:33] [Server thread/INFO]: <Vilgot2000> alvin
[17:18:48] [Server thread/INFO]: Vilgot2000 lost connection: TextComponent{text='Disconnected', siblings=[], style=Style{hasParent=false, color=null, bold=null, italic=null, underlined=null, obfuscated=null, clickEvent=null, hoverEvent=null}}
[17:18:48] [Server thread/INFO]: Vilgot2000 left the game
[17:22:37] [Server thread/INFO]: Alvin_Norin lost connection: TranslatableComponent{key='disconnect.genericReason', args=[Internal Exception: java.io.IOException: An existing connection was forcibly closed by the remote host], siblings=[], style=Style{hasParent=false, color=null, bold=null, italic=null, underlined=null, obfuscated=null, clickEvent=null, hoverEvent=null}}
[17:22:37] [Server thread/INFO]: Alvin_Norin left the game
[17:24:28] [User Authenticator #12/INFO]: UUID of player popkrull is d7d65cb1-7d8f-4ea4-b43e-232e5a2618a8
[17:24:28] [Server thread/INFO]: popkrull[/78.72.153.221:65508] logged in with entity id 53125 at (479.0384189746539, 69.0, 595.512640123461)
[17:24:28] [Server thread/INFO]: popkrull joined the game
[17:47:00] [User Authenticator #13/INFO]: UUID of player Vilgot2000 is c10c7ee2-d9bc-46bb-bd91-ae941103a955
[17:47:00] [Server thread/INFO]: Vilgot2000[/85.230.14.47:50028] logged in with entity id 66879 at (423.1103204060708, 76.0, 535.1954970874178)
[17:47:00] [Server thread/INFO]: Vilgot2000 joined the game
[17:47:56] [Server thread/INFO]: Vilgot2000 lost connection: TranslatableComponent{key='disconnect.genericReason', args=[Internal Exception: java.io.IOException: An existing connection was forcibly closed by the remote host], siblings=[], style=Style{hasParent=false, color=null, bold=null, italic=null, underlined=null, obfuscated=null, clickEvent=null, hoverEvent=null}}
[17:47:56] [Server thread/INFO]: Vilgot2000 left the game
[17:49:50] [Server thread/INFO]: [Server] hej billman :)
[17:49:57] [Server thread/INFO]: <popkrull> Yo?... Olle? :P
[17:50:01] [Server thread/INFO]: [Server] jupp
[17:50:04] [Server thread/INFO]: <popkrull> xD
[17:50:30] [Server thread/INFO]: [Server] har precis skaffat mitt nya grafikkort och instalerar driversrna nu :)
[17:50:48] [Server thread/INFO]: <popkrull> :D Till din huvuddator elr serverdatan?
[17:50:56] [Server thread/INFO]: [Server] hahha huvuddatorn
[17:51:02] [Server thread/INFO]: <popkrull> :D
[17:51:19] [Server thread/INFO]: Unknown command. Try /help for a list of commands
[18:13:38] [Server thread/INFO]: [Server] laggar servern mycket?
[18:13:48] [Server thread/INFO]: <popkrull> Np at all! :d
[18:13:49] [Server thread/INFO]: <popkrull> :D
[18:13:56] [Server thread/INFO]: [Server] bra :D
[18:27:03] [Server thread/INFO]: popkrull lost connection: TextComponent{text='Disconnected', siblings=[], style=Style{hasParent=false, color=null, bold=null, italic=null, underlined=null, obfuscated=null, clickEvent=null, hoverEvent=null}}
[18:27:03] [Server thread/INFO]: popkrull left the game
[18:40:50] [User Authenticator #14/INFO]: UUID of player Alvin_Norin is 51860a53-ea65-4068-acd1-150cd341c7fb
[18:40:50] [Server thread/INFO]: Alvin_Norin[/85.226.186.137:50986] logged in with entity id 89856 at (435.0514269812207, 84.0, 545.2873644405254)
[18:40:50] [Server thread/INFO]: Alvin_Norin joined the game
[18:42:31] [Server thread/INFO]: Alvin_Norin lost connection: TextComponent{text='Disconnected', siblings=[], style=Style{hasParent=false, color=null, bold=null, italic=null, underlined=null, obfuscated=null, clickEvent=null, hoverEvent=null}}
[18:42:31] [Server thread/INFO]: Alvin_Norin left the game
[19:21:32] [User Authenticator #15/INFO]: UUID of player Vilgot2000 is c10c7ee2-d9bc-46bb-bd91-ae941103a955
[19:21:32] [Server thread/INFO]: Vilgot2000[/85.230.14.47:51624] logged in with entity id 90747 at (441.6097344279869, 85.0, 547.8161816870312)
[19:21:32] [Server thread/INFO]: Vilgot2000 joined the game
[19:32:55] [Server thread/INFO]: <Vilgot2000> AHIIII
[19:35:29] [Server thread/INFO]: [Server] jag joinar snart
[19:35:34] [Server thread/INFO]: <Vilgot2000> :)
[19:35:37] [Server thread/INFO]: [Server] har mitt nya grafikkort nu
[19:35:41] [Server thread/INFO]: <Vilgot2000> nice
[19:35:46] [Server thread/INFO]: [Server] så jag kan köra minecraft i 30fps!
[19:35:58] [Server thread/INFO]: <Vilgot2000> Achivmänt
[19:36:25] [Server thread/INFO]: [Server] nej, men om jag ska vara anus med dig så kan jag köra Bf4 i ultra 1080p 40+ fps
[19:36:36] [User Authenticator #16/INFO]: UUID of player mustafakatt is c15bc5ef-c321-4602-a794-18374116ab12
[19:36:36] [Server thread/INFO]: mustafakatt[/213.66.254.162:60147] logged in with entity id 101333 at (365.10265288850366, 79.0, 571.1911424980246)
[19:36:36] [Server thread/INFO]: mustafakatt joined the game
[19:36:38] [Server thread/INFO]: <Vilgot2000> nice
[19:36:40] [Server thread/INFO]: <Vilgot2000> :D
[19:37:34] [Server thread/INFO]: <mustafakatt> hej
[19:37:37] [Server thread/INFO]: <Vilgot2000> tja
[19:37:55] [Server thread/INFO]: <mustafakatt> är det där alvins his?
[19:37:57] [Server thread/INFO]: <mustafakatt> hus?
[19:38:04] [Server thread/INFO]: <Vilgot2000> ja början av de
[19:38:09] [Server thread/INFO]: <mustafakatt> ok
[19:39:14] [Server thread/INFO]: <Vilgot2000> Billman har börjat köra i staden nu
[19:39:30] [Server thread/INFO]: <mustafakatt> jag vet, skrev med han förut genom servern
[19:39:41] [Server thread/INFO]: <Vilgot2000> mycket bra mycket bra
[19:39:55] [Server thread/INFO]: <mustafakatt> vänta, ska fixa eyefinity
[19:39:56] [Server thread/INFO]: mustafakatt lost connection: TextComponent{text='Disconnected', siblings=[], style=Style{hasParent=false, color=null, bold=null, italic=null, underlined=null, obfuscated=null, clickEvent=null, hoverEvent=null}}
[19:39:56] [Server thread/INFO]: mustafakatt left the game
[19:40:35] [Server thread/INFO]: Vilgot2000 lost connection: TextComponent{text='Disconnected', siblings=[], style=Style{hasParent=false, color=null, bold=null, italic=null, underlined=null, obfuscated=null, clickEvent=null, hoverEvent=null}}
[19:40:35] [Server thread/INFO]: Vilgot2000 left the game
[19:42:07] [User Authenticator #17/INFO]: UUID of player Vilgot2000 is c10c7ee2-d9bc-46bb-bd91-ae941103a955
[19:42:07] [Server thread/INFO]: Vilgot2000[/85.230.14.47:51630] logged in with entity id 103462 at (415.50615319374435, 76.5, 543.4768914112553)
[19:42:07] [Server thread/INFO]: Vilgot2000 joined the game
[19:42:25] [User Authenticator #18/INFO]: UUID of player mustafakatt is c15bc5ef-c321-4602-a794-18374116ab12
[19:42:25] [Server thread/INFO]: mustafakatt[/213.66.254.162:58820] logged in with entity id 103558 at (355.6491602647023, 74.0, 583.1556010071364)
[19:42:25] [Server thread/INFO]: mustafakatt joined the game
[19:42:42] [Server thread/INFO]: <mustafakatt> nu kör jag minecraft i fullskärm på alla 3 skärmar :))))
[19:42:51] [Server thread/INFO]: <Vilgot2000> =}
[19:44:13] [Server thread/INFO]: <mustafakatt> sov
[19:44:22] [Server thread/INFO]: <mustafakatt> AHIIIIIIIIIIIIIIIIIIIIIIIIIIII
[19:44:25] [Server thread/INFO]: <Vilgot2000> AHIIII
[19:50:36] [Server thread/INFO]: <Vilgot2000> In a world of cheese, you can not use force!
[19:50:49] [Server thread/INFO]: <mustafakatt> ?
[19:50:55] [Server thread/INFO]: <Vilgot2000> titta på mig
[19:51:21] [Server thread/INFO]: <mustafakatt> damn son
[19:51:31] [Server thread/INFO]: <Vilgot2000> jag hiitta det
[19:51:46] [Server thread/INFO]: <Vilgot2000> har en trappa upp nu
[19:51:48] [Server thread/INFO]: <Vilgot2000> kom
[19:51:57] [Server thread/INFO]: <mustafakatt> DAMN SON were did you find this???
[19:52:04] [Server thread/INFO]: <mustafakatt> DAMN SON were did you find tits?
[19:52:14] [Server thread/INFO]: <Vilgot2000> från alvins hus
[19:52:17] [Server thread/INFO]: <Vilgot2000> coolt
[19:52:18] [Server thread/INFO]: <mustafakatt> tragisk
[19:52:20] [Server thread/INFO]: <Vilgot2000> jaja
[19:52:33] [Server thread/INFO]: <Vilgot2000> jajajjajaja
[19:52:37] [Server thread/INFO]: <mustafakatt> vilken liten håla
[19:52:51] [Server thread/INFO]: <Vilgot2000> inte den största här i Rosenberg
[19:53:01] [Server thread/INFO]: <mustafakatt> hahah
[19:53:11] [Server thread/INFO]: <Vilgot2000> loves those träd
[19:53:23] [Server thread/INFO]: <mustafakatt> swag
[19:53:29] [Server thread/INFO]: <mustafakatt> jag vill ha bo2
[19:53:36] [Server thread/INFO]: <Vilgot2000> ja det vill du allt
[19:53:39] [Server thread/INFO]: <mustafakatt> nuuuuuuuuuuuuuuuuuuuuuuuuuuuuuuuuuuuuuuuuuuuuuuuuuuuuuuuuuuuuuuuuuuuuuuuuuuuuuuuuuuuuuuuuuuuuuuuuuuu
[19:54:00] [Server thread/INFO]: <mustafakatt> du borde ha en fängelse håla :)
[19:54:08] [Server thread/INFO]: <mustafakatt> där du kan stänga in alvin
[19:54:14] [Server thread/INFO]: <mustafakatt> ELLER BILLMAN
[19:54:14] [Server thread/INFO]: <Vilgot2000> tänkte just det
[19:54:19] [Server thread/INFO]: <Vilgot2000> det med alvin
[19:54:26] [Server thread/INFO]: <Vilgot2000> :D
[19:54:31] [Server thread/INFO]: <mustafakatt> :D
[19:54:35] [Server thread/INFO]: <mustafakatt> XD
[19:54:41] [Server thread/INFO]: <mustafakatt> ska vi knulla?
[19:54:51] [Server thread/INFO]: <Vilgot2000> nej
[19:54:58] [Server thread/INFO]: <mustafakatt> okej :(
[19:55:18] [Server thread/INFO]: <mustafakatt> alltså dom läsna smilisarna i minecraft ser så jäkla tragiska ut
[19:55:26] [Server thread/INFO]: <Vilgot2000> :(
[19:55:38] [Server thread/INFO]: <Vilgot2000> varför är din hus del borta här
[19:55:49] [Server thread/INFO]: <mustafakatt> jag byter ut trät
[19:55:58] [Server thread/INFO]: <Vilgot2000> börjar det bli gammalt?
[19:55:59] [Server thread/INFO]: <mustafakatt> work in progress
[19:56:00] [Server thread/INFO]: <Vilgot2000> ruttet?
[19:56:03] [Server thread/INFO]: <mustafakatt> ja
[19:56:05] [Server thread/INFO]: <Vilgot2000> haha
[19:56:06] [Server thread/INFO]: <mustafakatt> jag renoverar
[19:56:15] [Server thread/INFO]: <Vilgot2000> bra
[19:56:27] [Server thread/INFO]: <mustafakatt> gud vad mysigt det är att skriva med varandra
[19:56:29] [Server thread/INFO]: <Vilgot2000> titta min twerk
[19:56:40] [Server thread/INFO]: <mustafakatt> haha
[19:56:43] [Server thread/INFO]: <mustafakatt> kolla min da
[19:56:54] [Server thread/INFO]: <Vilgot2000> väldigt fint
[19:56:56] [Server thread/INFO]: <mustafakatt> nicki style
[19:58:03] [Server thread/INFO]: <Vilgot2000> du har väl på mörkt i minecraft=
[19:58:14] [Server thread/INFO]: <mustafakatt> moody.....
[19:58:15] [Server thread/INFO]: <Vilgot2000> jätte mysigt då
[19:58:16] [Server thread/INFO]: <mustafakatt> jyuppp
[19:58:16] [Server thread/INFO]: <Vilgot2000> ja
[19:58:20] [Server thread/INFO]: <mustafakatt> aaaaaaaa
[19:58:33] [Server thread/INFO]: <mustafakatt> asså 260x väger typ 100 kg
[19:58:47] [Server thread/INFO]: <Vilgot2000> ojoj här går det hett till allt!
[19:58:59] [Server thread/INFO]: <mustafakatt> jaaaaaaaaaaaaaaaaaa
[19:59:05] [Server thread/INFO]: <mustafakatt> oj da
[19:59:16] [Server thread/INFO]: <mustafakatt> nu gick mitt grafikkort upp i varv
[19:59:19] [Server thread/INFO]: <mustafakatt> ojojoj
[20:00:43] [Server thread/INFO]: <Vilgot2000> måste typ majna snart har bara 57 block järn :(
[20:00:45] [Server thread/INFO]: <Vilgot2000> haha
[20:00:53] [Server thread/INFO]: <mustafakatt> :/
[20:01:01] [Server thread/INFO]: <mustafakatt> aa.. jag tar livet av mig
[20:01:13] [Server thread/INFO]: <Vilgot2000> men seriöst det känns tomt
[20:01:19] [Server thread/INFO]: <Vilgot2000> måste ha över en stack block
[20:01:23] [Server thread/INFO]: <mustafakatt> jag har 2x64
[20:01:28] [Server thread/INFO]: <Vilgot2000> lol
[20:01:30] [Server thread/INFO]: <mustafakatt> swag
[20:01:45] [Server thread/INFO]: <mustafakatt> visst blev mitt hus snyggare nu :)
[20:02:04] [Server thread/INFO]: <Vilgot2000> du gjorde det ljusare?
[20:02:20] [Server thread/INFO]: <mustafakatt> ja, men innan såg det ut som att huset hade en hatt
[20:02:22] [Server thread/INFO]: <Vilgot2000> eller bytte du bara ut? .D
[20:02:27] [Server thread/INFO]: <Vilgot2000> jaha
[20:02:40] [Server thread/INFO]: <mustafakatt> men ny bytta jag ut negerträt till bra trä
[20:02:51] [Server thread/INFO]: <Vilgot2000> hahhah
[20:03:19] [Server thread/INFO]: <Vilgot2000> äger att den är 24/7
[20:03:28] [Server thread/INFO]: <mustafakatt> ska vara hemma imorgon också, såååå skönt
[20:03:40] [Server thread/INFO]: <mustafakatt> jag det gör det :)
[20:03:59] [Server thread/INFO]: <mustafakatt> köp bf4
[20:04:05] [Server thread/INFO]: <Vilgot2000> nej
[20:04:10] [Server thread/INFO]: <mustafakatt> eller köp bo2 till mig
[20:04:53] [Server thread/INFO]: <mustafakatt> kan inte vi sätta på mobs
[20:05:01] [Server thread/INFO]: <mustafakatt> då blir det lite läskigt
[20:05:22] [Server thread/INFO]: <Vilgot2000> isåfall får du stänga av satt inte creepers sprängs
[20:05:29] [Server thread/INFO]: <Vilgot2000> man kan de
[20:05:32] [Server thread/INFO]: <mustafakatt> okej :)
[20:05:37] [Server thread/INFO]: <Vilgot2000> kolla hur man gör
[20:06:04] [Server thread/INFO]: [Server] tror att det är typ gamerule:creeperdamega false eller nåt
[20:06:06] [Server thread/INFO]: <Vilgot2000> alvin kommer bli arg haha :D
[20:06:07] [Server thread/INFO]: [Server] ska testa nu
[20:06:11] [Server thread/INFO]: [Server] jajajajaj
[20:06:28] [Server thread/INFO]: Opped mustafakatt
[20:07:06] [Server thread/INFO]: <mustafakatt> tror du att det är modGriefing
[20:07:12] [Server thread/INFO]: <Vilgot2000> juste
[20:07:35] [Server thread/INFO]: [mustafakatt: Game rule has been updated]
[20:07:54] [Server thread/INFO]: [mustafakatt: Game rule has been updated]
[20:08:02] [Server thread/INFO]: <mustafakatt> ska vi sänka difficvultyin
[20:08:13] [Server thread/INFO]: <Vilgot2000> nej
[20:08:17] [Server thread/INFO]: <mustafakatt> ok
[20:08:23] [Server thread/INFO]: <mustafakatt> den är ju på max
[20:08:28] [Server thread/INFO]: <Vilgot2000> ja
[20:08:32] [Server thread/INFO]: <mustafakatt> ok
[20:08:50] [Server thread/INFO]: <Vilgot2000> oh shiitt! olle
[20:08:51] [Server thread/INFO]: <mustafakatt> kommer kanske sen
[20:08:56] [Server thread/INFO]: <Vilgot2000> olle
[20:08:56] [Server thread/INFO]: <mustafakatt> vad?
[20:09:01] [Server thread/INFO]: <Vilgot2000> kom och titta
[20:09:05] [Server thread/INFO]: <Vilgot2000> billman har byggt
[20:09:07] [Server thread/INFO]: <mustafakatt> okd
[20:09:09] [Server thread/INFO]: <Vilgot2000> blev rädd först
[20:09:13] [Server thread/INFO]: <mustafakatt> vaer
[20:09:20] [Server thread/INFO]: <Vilgot2000> här
[20:09:20] [Server thread/INFO]: <mustafakatt> var?
[20:09:43] [Server thread/INFO]: <mustafakatt> OH SIHT
[20:09:48] [Server thread/INFO]: <mustafakatt> billman?
[20:09:51] [Server thread/INFO]: <Vilgot2000> ja
[20:10:01] [Server thread/INFO]: <Vilgot2000> rätt fränt
[20:10:07] [Server thread/INFO]: <mustafakatt> vi snor hanns grejer och skyller på alvion
[20:10:12] [Server thread/INFO]: <Vilgot2000> haha
[20:10:27] [Server thread/INFO]: <Vilgot2000> han hade bara kräk
[20:10:31] [Server thread/INFO]: <mustafakatt> fula trappor
[20:10:46] [Server thread/INFO]: <mustafakatt> jag behör lite redstone...
[20:10:52] [Server thread/INFO]: <Vilgot2000> tycker de va coola
[20:11:02] [Server thread/INFO]: <Vilgot2000> vafan har han gjort
[20:11:08] [Server thread/INFO]: <Vilgot2000> kom
[20:11:16] [Server thread/INFO]: <mustafakatt> man måste ju hoppa upp fördom
[20:11:22] [Server thread/INFO]: <mustafakatt> var?
[20:11:23] [Server thread/INFO]: <Vilgot2000> bakom
[20:11:43] [Server thread/INFO]: <mustafakatt> ph fuck
[20:11:44] [Server thread/INFO]: <Vilgot2000> döda
[20:11:46] [Server thread/INFO]: <Vilgot2000> döda
[20:11:51] [Server thread/INFO]: <mustafakatt> vilken liten bög!
[20:12:05] [Server thread/INFO]: <Vilgot2000> ska vi bygga ihop allt!???? :D:D:
[20:12:06] [Server thread/INFO]: <mustafakatt> han förstör våran fina natur
[20:12:11] [Server thread/INFO]: <mustafakatt> HAAAA
[20:12:13] [Server thread/INFO]: <mustafakatt> JAAAA
[20:12:16] [Server thread/INFO]: <Vilgot2000> och inte säga nåt
[20:12:17] [Server thread/INFO]: <Vilgot2000> :D
[20:12:25] [Server thread/INFO]: <Vilgot2000> asså hela
[20:12:27] [Server thread/INFO]: <Vilgot2000> bra
[20:13:15] [Server thread/INFO]: <mustafakatt> tragustj
[20:13:30] [Server thread/INFO]: <Vilgot2000> mer
[20:13:36] [Server thread/INFO]: <Vilgot2000> lite mer
[20:13:39] [Server thread/INFO]: <Vilgot2000> jord
[20:13:40] [Server thread/INFO]: <mustafakatt> han komemr glömma bort det
[20:13:44] [Server thread/INFO]: <Vilgot2000> hahah
[20:13:49] [Server thread/INFO]: <Vilgot2000> fyfan vad tragiskt
[20:13:51] [Server thread/INFO]: <mustafakatt> slut
[20:14:15] [Server thread/INFO]: <Vilgot2000> our work is done mat
[20:14:17] [Server thread/INFO]: <Vilgot2000> mate
[20:14:21] [Server thread/INFO]: <mustafakatt> m8
[20:14:31] [Server thread/INFO]: <mustafakatt> ska gå o sova nu.
[20:14:37] [Server thread/INFO]: <Vilgot2000> ok godnatt
[20:14:38] [Server thread/INFO]: mustafakatt lost connection: TextComponent{text='Disconnected', siblings=[], style=Style{hasParent=false, color=null, bold=null, italic=null, underlined=null, obfuscated=null, clickEvent=null, hoverEvent=null}}
[20:14:38] [Server thread/INFO]: mustafakatt left the game
[20:16:48] [Server thread/INFO]: Vilgot2000 lost connection: TextComponent{text='Disconnected', siblings=[], style=Style{hasParent=false, color=null, bold=null, italic=null, underlined=null, obfuscated=null, clickEvent=null, hoverEvent=null}}
[20:16:48] [Server thread/INFO]: Vilgot2000 left the game
[20:21:02] [User Authenticator #19/INFO]: UUID of player Vilgot2000 is c10c7ee2-d9bc-46bb-bd91-ae941103a955
[20:21:02] [Server thread/INFO]: Vilgot2000[/85.230.14.47:51742] logged in with entity id 127443 at (419.23030126490846, 84.0, 545.1078005052889)
[20:21:02] [Server thread/INFO]: Vilgot2000 joined the game
[20:25:06] [Server thread/INFO]: Vilgot2000 lost connection: TextComponent{text='Disconnected', siblings=[], style=Style{hasParent=false, color=null, bold=null, italic=null, underlined=null, obfuscated=null, clickEvent=null, hoverEvent=null}}
[20:25:06] [Server thread/INFO]: Vilgot2000 left the game
[20:38:07] [User Authenticator #20/INFO]: UUID of player Alvin_Norin is 51860a53-ea65-4068-acd1-150cd341c7fb
[20:38:07] [Server thread/INFO]: Alvin_Norin[/85.226.186.137:52965] logged in with entity id 129763 at (438.78572701956693, 84.0, 545.6254494763298)
[20:38:07] [Server thread/INFO]: Alvin_Norin joined the game
[20:51:10] [User Authenticator #21/INFO]: UUID of player Vilgot2000 is c10c7ee2-d9bc-46bb-bd91-ae941103a955
[20:51:10] [Server thread/INFO]: Vilgot2000[/85.230.14.47:51938] logged in with entity id 137198 at (417.61913239157747, 84.0, 552.5430109939628)
[20:51:10] [Server thread/INFO]: Vilgot2000 joined the game
[20:51:38] [Server thread/INFO]: <Vilgot2000> jäklar vad mysigt
[20:51:44] [Server thread/INFO]: <Alvin_Norin> :)
[20:52:17] [Server thread/INFO]: <Alvin_Norin> :(
[20:52:22] [Server thread/INFO]: <Vilgot2000> hur ska vi göra här då?
[20:52:24] [Server thread/INFO]: <Vilgot2000> med bron
[20:52:27] [Server thread/INFO]: <Vilgot2000> staket
[20:52:48] [Server thread/INFO]: <Vilgot2000> hämtar material
[20:52:57] [Server thread/INFO]: <Vilgot2000> har en trappa här nu kolla
[20:53:44] [Server thread/INFO]: <Vilgot2000> här är bästa stället på servern
[20:54:15] [Server thread/INFO]: <Vilgot2000> kolla vi kan ha så här
[20:54:30] [Server thread/INFO]: <Alvin_Norin> ..?
[20:54:44] [Server thread/INFO]: <Alvin_Norin> Jahaa..
[20:54:47] [Server thread/INFO]: <Vilgot2000> trapporpå sidorna
[20:57:57] [Server thread/INFO]: <Vilgot2000> har du mörkt trää?
[20:58:19] [Server thread/INFO]: <Vilgot2000> trappa
[20:59:58] [Server thread/INFO]: <Vilgot2000> har du sett Billmans hus?
[21:00:02] [Server thread/INFO]: <Alvin_Norin> Nej,
[21:00:10] [Server thread/INFO]: <Vilgot2000> bakom kullem
[21:00:36] [Server thread/INFO]: <Alvin_Norin> Najs :)
[21:00:46] [Server thread/INFO]: <Alvin_Norin> Men, varför just där..!?
[21:00:52] [Server thread/INFO]: <Vilgot2000> fattar inte
[21:00:58] [Server thread/INFO]: <Vilgot2000> ensamt
[21:01:04] [Server thread/INFO]: <Alvin_Norin> Fast det var mysigt.. :)
[21:01:14] [Server thread/INFO]: <Vilgot2000> skulle inte våga bo där själv
[21:01:23] [Server thread/INFO]: <Alvin_Norin> :(
[21:04:15] [Server thread/INFO]: <Vilgot2000> kolla
[21:04:24] [Server thread/INFO]: <Vilgot2000> här kan man ha en gång upp
[21:04:25] [Server thread/INFO]: <Alvin_Norin> Najs :)
[21:04:28] [Server thread/INFO]: <Vilgot2000> och en grind
[21:06:00] [Server thread/INFO]: <Vilgot2000> snyggt=
[21:08:09] [Server thread/INFO]: <Vilgot2000> du borde ha ett högt hus!
[21:08:46] [Server thread/INFO]: <Vilgot2000> ja ska duscha kommer sen
[21:08:49] [Server thread/INFO]: Vilgot2000 lost connection: TextComponent{text='Disconnected', siblings=[], style=Style{hasParent=false, color=null, bold=null, italic=null, underlined=null, obfuscated=null, clickEvent=null, hoverEvent=null}}
[21:08:49] [Server thread/INFO]: Vilgot2000 left the game
[21:22:23] [User Authenticator #22/INFO]: UUID of player Vilgot2000 is c10c7ee2-d9bc-46bb-bd91-ae941103a955
[21:22:23] [Server thread/INFO]: Vilgot2000[/85.230.14.47:51977] logged in with entity id 155307 at (424.16869146426114, 84.0, 546.3573104268315)
[21:22:23] [Server thread/INFO]: Vilgot2000 joined the game
[21:22:27] [Server thread/INFO]: <Vilgot2000> hej
[21:24:07] [Server thread/INFO]: <Vilgot2000> det kommer komma dörrar i olika trä färger i 1.8! jätte snygga
[21:25:48] [Server thread/INFO]: <Vilgot2000> får jag göra nåt?
[21:25:53] [Server thread/INFO]: <Alvin_Norin> Ja.
[21:25:59] [Server thread/INFO]: <Vilgot2000> vad
[21:26:06] [Server thread/INFO]: <Alvin_Norin> Venne
[21:26:49] [Server thread/INFO]: [Server] halo?
[21:26:57] [Server thread/INFO]: <Vilgot2000> Halo 3
[21:27:04] [Server thread/INFO]: [Server] nej halo 5
[21:27:20] [Server thread/INFO]: <Alvin_Norin> Säär!
[21:27:34] [Server thread/INFO]: <Vilgot2000> det var riktigt fult
[21:27:39] [Server thread/INFO]: [Server] haha
[21:28:50] [Server thread/INFO]: <Alvin_Norin> Vill du bygga mitt hus..? :(
[21:28:53] [Server thread/INFO]: <Vilgot2000> ja
[21:29:12] [Server thread/INFO]: <Vilgot2000> stock
[21:30:15] [Server thread/INFO]: <Vilgot2000> ska hämta stuff vänta
[21:31:06] [Server thread/INFO]: <Vilgot2000> ah?
[21:31:09] [Server thread/INFO]: <Alvin_Norin> :)
[21:31:14] [Server thread/INFO]: Unknown command. Try /help for a list of commands
[21:31:24] [Server thread/INFO]: [Server] ska sätta upp en bukkit server nu
[21:31:31] [Server thread/INFO]: <Vilgot2000> ha så runt hela huset
[21:31:55] [Server thread/INFO]: <Vilgot2000> nej
[21:31:58] [Server thread/INFO]: <Vilgot2000> för mycket
[21:31:59] [Server thread/INFO]: <Alvin_Norin> :/
[21:32:55] [Server thread/INFO]: Vilgot2000 lost connection: TextComponent{text='Disconnected', siblings=[], style=Style{hasParent=false, color=null, bold=null, italic=null, underlined=null, obfuscated=null, clickEvent=null, hoverEvent=null}}
[21:32:55] [Server thread/INFO]: Vilgot2000 left the game
[21:33:02] [User Authenticator #23/INFO]: UUID of player Vilgot2000 is c10c7ee2-d9bc-46bb-bd91-ae941103a955
[21:33:03] [Server thread/INFO]: Vilgot2000[/85.230.14.47:51985] logged in with entity id 161963 at (444.8192235017171, 84.0, 546.2135101244675)
[21:33:03] [Server thread/INFO]: Vilgot2000 joined the game
[21:33:17] [Server thread/INFO]: <Vilgot2000> min spade försvann
[21:33:25] [Server thread/INFO]: <Vilgot2000> nu är den här
[21:33:33] [Server thread/INFO]: <Alvin_Norin> Jag gav den till dig..
[21:33:40] [Server thread/INFO]: <Vilgot2000> hahah på de viset
[21:34:05] [Server thread/INFO]: <Vilgot2000> det här kan bli riktigt snyggt
[21:34:37] [Server thread/INFO]: <Vilgot2000> här
[21:35:07] [Server thread/WARN]: Can't keep up! Did the system time change, or is the server overloaded? Running 4493ms behind, skipping 89 tick(s)
[21:35:25] [Server thread/WARN]: Can't keep up! Did the system time change, or is the server overloaded? Running 5665ms behind, skipping 113 tick(s)
[21:35:37] [Server thread/INFO]: <Vilgot2000> kom kom kolla!!
[21:35:55] [Server thread/INFO]: <Vilgot2000> här kan du ha jättte mysig balkong
[21:36:08] [Server thread/WARN]: Can't keep up! Did the system time change, or is the server overloaded? Running 29525ms behind, skipping 590 tick(s)
[21:36:19] [Server thread/WARN]: Can't keep up! Did the system time change, or is the server overloaded? Running 5296ms behind, skipping 105 tick(s)
[21:36:45] [Server thread/INFO]: <Vilgot2000> servern laggar ju
[21:37:37] [Server thread/INFO]: Starting minecraft server version 1.7.10
[21:37:37] [Server thread/WARN]: To start the server with more ram, launch it as "java -Xmx1024M -Xms1024M -jar minecraft_server.jar"
[21:37:37] [Server thread/INFO]: Loading properties
[21:37:37] [Server console handler/ERROR]: Exception handling console input
java.io.IOException: The handle is invalid
	at java.io.FileInputStream.readBytes(Native Method) ~[?:1.7.0_67]
	at java.io.FileInputStream.read(Unknown Source) ~[?:1.7.0_67]
	at java.io.BufferedInputStream.read1(Unknown Source) ~[?:1.7.0_67]
	at java.io.BufferedInputStream.read(Unknown Source) ~[?:1.7.0_67]
	at sun.nio.cs.StreamDecoder.readBytes(Unknown Source) ~[?:1.7.0_67]
	at sun.nio.cs.StreamDecoder.implRead(Unknown Source) ~[?:1.7.0_67]
	at sun.nio.cs.StreamDecoder.read(Unknown Source) ~[?:1.7.0_67]
	at java.io.InputStreamReader.read(Unknown Source) ~[?:1.7.0_67]
	at java.io.BufferedReader.fill(Unknown Source) ~[?:1.7.0_67]
	at java.io.BufferedReader.readLine(Unknown Source) ~[?:1.7.0_67]
	at java.io.BufferedReader.readLine(Unknown Source) ~[?:1.7.0_67]
	at lv.run(SourceFile:79) [minecraft_server.1.7.10.jar:?]
[21:37:37] [Server thread/INFO]: Default game type: SURVIVAL
[21:37:37] [Server thread/INFO]: Generating keypair
[21:37:38] [Server thread/INFO]: Starting Minecraft server on *:25565
[21:37:46] [Server thread/INFO]: Preparing level "world"
[21:37:46] [Server thread/INFO]: Preparing start region for level 0
[21:37:48] [Server thread/INFO]: Preparing spawn area: 0%
[21:37:49] [Server thread/INFO]: Preparing spawn area: 16%
[21:37:50] [Server thread/INFO]: Preparing spawn area: 53%
[21:37:51] [Server thread/INFO]: Preparing spawn area: 87%
[21:37:52] [Server thread/INFO]: Done (5,926s)! For help, type "help" or "?"
[21:38:03] [Server thread/WARN]: Can't keep up! Did the system time change, or is the server overloaded? Running 2599ms behind, skipping 51 tick(s)
