[00:00:14] [Server thread/WARN]: Can't keep up! Did the system time change, or is the server overloaded? Running 4230ms behind, skipping 84 tick(s)
[00:00:31] [Server thread/WARN]: Can't keep up! Did the system time change, or is the server overloaded? Running 2163ms behind, skipping 43 tick(s)
[00:01:13] [Server thread/WARN]: Can't keep up! Did the system time change, or is the server overloaded? Running 2560ms behind, skipping 51 tick(s)
[00:01:59] [Server thread/WARN]: Can't keep up! Did the system time change, or is the server overloaded? Running 2285ms behind, skipping 45 tick(s)
[00:04:16] [Server thread/WARN]: Can't keep up! Did the system time change, or is the server overloaded? Running 4287ms behind, skipping 85 tick(s)
[00:05:03] [Server thread/WARN]: Can't keep up! Did the system time change, or is the server overloaded? Running 2360ms behind, skipping 47 tick(s)
[00:05:39] [Server thread/WARN]: Can't keep up! Did the system time change, or is the server overloaded? Running 2408ms behind, skipping 48 tick(s)
[00:05:54] [Server thread/WARN]: Can't keep up! Did the system time change, or is the server overloaded? Running 2610ms behind, skipping 52 tick(s)
[00:06:39] [Server thread/WARN]: Can't keep up! Did the system time change, or is the server overloaded? Running 3072ms behind, skipping 61 tick(s)
[00:07:19] [Server thread/WARN]: Can't keep up! Did the system time change, or is the server overloaded? Running 2415ms behind, skipping 48 tick(s)
[00:08:04] [Server thread/WARN]: Can't keep up! Did the system time change, or is the server overloaded? Running 4142ms behind, skipping 82 tick(s)
[00:09:42] [Server thread/WARN]: Can't keep up! Did the system time change, or is the server overloaded? Running 2086ms behind, skipping 41 tick(s)
[00:10:23] [Server thread/WARN]: Can't keep up! Did the system time change, or is the server overloaded? Running 4172ms behind, skipping 83 tick(s)
[00:11:13] [Server thread/WARN]: Can't keep up! Did the system time change, or is the server overloaded? Running 4259ms behind, skipping 85 tick(s)
[00:11:48] [Server thread/WARN]: Can't keep up! Did the system time change, or is the server overloaded? Running 2277ms behind, skipping 45 tick(s)
[00:12:03] [Server thread/WARN]: Can't keep up! Did the system time change, or is the server overloaded? Running 2237ms behind, skipping 44 tick(s)
[00:13:27] [Server thread/WARN]: Can't keep up! Did the system time change, or is the server overloaded? Running 2092ms behind, skipping 41 tick(s)
[00:13:44] [Server thread/WARN]: Can't keep up! Did the system time change, or is the server overloaded? Running 2814ms behind, skipping 56 tick(s)
[00:14:15] [Server thread/WARN]: Can't keep up! Did the system time change, or is the server overloaded? Running 4387ms behind, skipping 87 tick(s)
[00:15:03] [Server thread/WARN]: Can't keep up! Did the system time change, or is the server overloaded? Running 4210ms behind, skipping 84 tick(s)
[00:15:23] [Server thread/WARN]: Can't keep up! Did the system time change, or is the server overloaded? Running 2189ms behind, skipping 43 tick(s)
[00:15:41] [Server thread/WARN]: Can't keep up! Did the system time change, or is the server overloaded? Running 2763ms behind, skipping 55 tick(s)
[00:16:01] [Server thread/WARN]: Can't keep up! Did the system time change, or is the server overloaded? Running 3593ms behind, skipping 71 tick(s)
[00:16:34] [Server thread/WARN]: Can't keep up! Did the system time change, or is the server overloaded? Running 2074ms behind, skipping 41 tick(s)
[00:16:56] [Server thread/WARN]: Can't keep up! Did the system time change, or is the server overloaded? Running 5183ms behind, skipping 103 tick(s)
[00:17:13] [Server thread/WARN]: Can't keep up! Did the system time change, or is the server overloaded? Running 2732ms behind, skipping 54 tick(s)
[00:17:33] [Server thread/WARN]: Can't keep up! Did the system time change, or is the server overloaded? Running 6797ms behind, skipping 135 tick(s)
[00:18:15] [Server thread/WARN]: Can't keep up! Did the system time change, or is the server overloaded? Running 4274ms behind, skipping 85 tick(s)
[00:18:29] [Server thread/WARN]: Can't keep up! Did the system time change, or is the server overloaded? Running 2497ms behind, skipping 49 tick(s)
[00:19:01] [Server thread/WARN]: Can't keep up! Did the system time change, or is the server overloaded? Running 2010ms behind, skipping 40 tick(s)
[00:19:18] [Server thread/WARN]: Can't keep up! Did the system time change, or is the server overloaded? Running 3268ms behind, skipping 65 tick(s)
[00:19:47] [Server thread/WARN]: Can't keep up! Did the system time change, or is the server overloaded? Running 2211ms behind, skipping 44 tick(s)
[00:20:05] [Server thread/WARN]: Can't keep up! Did the system time change, or is the server overloaded? Running 2575ms behind, skipping 51 tick(s)
[00:20:34] [Server thread/WARN]: Can't keep up! Did the system time change, or is the server overloaded? Running 2761ms behind, skipping 55 tick(s)
[00:21:08] [Server thread/WARN]: Can't keep up! Did the system time change, or is the server overloaded? Running 3704ms behind, skipping 74 tick(s)
[00:21:29] [Server thread/WARN]: Can't keep up! Did the system time change, or is the server overloaded? Running 5135ms behind, skipping 102 tick(s)
[00:22:09] [Server thread/WARN]: Can't keep up! Did the system time change, or is the server overloaded? Running 2426ms behind, skipping 48 tick(s)
[00:22:31] [Server thread/WARN]: Can't keep up! Did the system time change, or is the server overloaded? Running 5034ms behind, skipping 100 tick(s)
[00:22:47] [Server thread/WARN]: Can't keep up! Did the system time change, or is the server overloaded? Running 3913ms behind, skipping 78 tick(s)
[00:23:03] [Server thread/WARN]: Can't keep up! Did the system time change, or is the server overloaded? Running 4849ms behind, skipping 96 tick(s)
[00:23:21] [Server thread/WARN]: Can't keep up! Did the system time change, or is the server overloaded? Running 3505ms behind, skipping 70 tick(s)
[00:23:38] [Server thread/WARN]: Can't keep up! Did the system time change, or is the server overloaded? Running 2308ms behind, skipping 46 tick(s)
[00:24:01] [Server thread/WARN]: Can't keep up! Did the system time change, or is the server overloaded? Running 5516ms behind, skipping 110 tick(s)
[00:24:13] [Server thread/WARN]: Can't keep up! Did the system time change, or is the server overloaded? Running 2500ms behind, skipping 50 tick(s)
[00:24:28] [Server thread/WARN]: Can't keep up! Did the system time change, or is the server overloaded? Running 2510ms behind, skipping 50 tick(s)
[00:24:56] [Server thread/WARN]: Can't keep up! Did the system time change, or is the server overloaded? Running 7691ms behind, skipping 153 tick(s)
[00:25:27] [Server thread/WARN]: Can't keep up! Did the system time change, or is the server overloaded? Running 2122ms behind, skipping 42 tick(s)
[00:25:53] [Server thread/WARN]: Can't keep up! Did the system time change, or is the server overloaded? Running 7462ms behind, skipping 149 tick(s)
[00:26:06] [Server thread/WARN]: Can't keep up! Did the system time change, or is the server overloaded? Running 2384ms behind, skipping 47 tick(s)
[00:26:32] [Server thread/WARN]: Can't keep up! Did the system time change, or is the server overloaded? Running 11166ms behind, skipping 223 tick(s)
[00:26:52] [Server thread/WARN]: Can't keep up! Did the system time change, or is the server overloaded? Running 2294ms behind, skipping 45 tick(s)
[00:27:13] [Server thread/WARN]: Can't keep up! Did the system time change, or is the server overloaded? Running 2405ms behind, skipping 48 tick(s)
[00:27:31] [Server thread/WARN]: Can't keep up! Did the system time change, or is the server overloaded? Running 5207ms behind, skipping 104 tick(s)
[00:27:50] [Server thread/WARN]: Can't keep up! Did the system time change, or is the server overloaded? Running 6727ms behind, skipping 134 tick(s)
[00:28:03] [Server thread/WARN]: Can't keep up! Did the system time change, or is the server overloaded? Running 2759ms behind, skipping 55 tick(s)
[00:28:33] [Server thread/WARN]: Can't keep up! Did the system time change, or is the server overloaded? Running 11651ms behind, skipping 233 tick(s)
[00:28:40] [Server thread/WARN]: Can't keep up! Did the system time change, or is the server overloaded? Running 2607ms behind, skipping 52 tick(s)
[00:29:02] [Server thread/WARN]: Can't keep up! Did the system time change, or is the server overloaded? Running 5031ms behind, skipping 100 tick(s)
[00:29:26] [Server thread/WARN]: Can't keep up! Did the system time change, or is the server overloaded? Running 9617ms behind, skipping 192 tick(s)
[00:29:36] [Server thread/WARN]: Can't keep up! Did the system time change, or is the server overloaded? Running 2550ms behind, skipping 51 tick(s)
[00:29:55] [Server thread/WARN]: Can't keep up! Did the system time change, or is the server overloaded? Running 4860ms behind, skipping 97 tick(s)
[00:30:22] [Server thread/WARN]: Can't keep up! Did the system time change, or is the server overloaded? Running 9183ms behind, skipping 183 tick(s)
[00:30:38] [Server thread/WARN]: Can't keep up! Did the system time change, or is the server overloaded? Running 5651ms behind, skipping 113 tick(s)
[00:30:57] [Server thread/WARN]: Can't keep up! Did the system time change, or is the server overloaded? Running 5019ms behind, skipping 100 tick(s)
[00:31:24] [Server thread/WARN]: Can't keep up! Did the system time change, or is the server overloaded? Running 9927ms behind, skipping 198 tick(s)
[00:31:34] [Server thread/WARN]: Can't keep up! Did the system time change, or is the server overloaded? Running 3366ms behind, skipping 67 tick(s)
[00:31:51] [Server thread/WARN]: Can't keep up! Did the system time change, or is the server overloaded? Running 5221ms behind, skipping 104 tick(s)
[00:32:14] [Server thread/WARN]: Can't keep up! Did the system time change, or is the server overloaded? Running 11349ms behind, skipping 226 tick(s)
[00:32:22] [Server thread/WARN]: Can't keep up! Did the system time change, or is the server overloaded? Running 2530ms behind, skipping 50 tick(s)
[00:32:41] [Server thread/WARN]: Can't keep up! Did the system time change, or is the server overloaded? Running 4861ms behind, skipping 97 tick(s)
[00:33:00] [Server thread/WARN]: Can't keep up! Did the system time change, or is the server overloaded? Running 6258ms behind, skipping 125 tick(s)
[00:33:21] [Server thread/WARN]: Can't keep up! Did the system time change, or is the server overloaded? Running 7375ms behind, skipping 147 tick(s)
[00:33:36] [Server thread/WARN]: Can't keep up! Did the system time change, or is the server overloaded? Running 4905ms behind, skipping 98 tick(s)
[00:33:52] [Server thread/WARN]: Can't keep up! Did the system time change, or is the server overloaded? Running 4850ms behind, skipping 97 tick(s)
[00:34:23] [Server thread/WARN]: Can't keep up! Did the system time change, or is the server overloaded? Running 12322ms behind, skipping 246 tick(s)
[00:34:34] [Server thread/WARN]: Can't keep up! Did the system time change, or is the server overloaded? Running 4856ms behind, skipping 97 tick(s)
[00:34:58] [Server thread/WARN]: Can't keep up! Did the system time change, or is the server overloaded? Running 7581ms behind, skipping 151 tick(s)
[00:35:30] [Server thread/WARN]: Can't keep up! Did the system time change, or is the server overloaded? Running 14043ms behind, skipping 280 tick(s)
[00:35:35] [Server thread/WARN]: Can't keep up! Did the system time change, or is the server overloaded? Running 2576ms behind, skipping 51 tick(s)
[00:35:56] [Server thread/WARN]: Can't keep up! Did the system time change, or is the server overloaded? Running 9247ms behind, skipping 184 tick(s)
[00:36:11] [Server thread/WARN]: Can't keep up! Did the system time change, or is the server overloaded? Running 6851ms behind, skipping 137 tick(s)
[00:36:30] [Server thread/WARN]: Can't keep up! Did the system time change, or is the server overloaded? Running 6732ms behind, skipping 134 tick(s)
[00:36:47] [Server thread/WARN]: Can't keep up! Did the system time change, or is the server overloaded? Running 7459ms behind, skipping 149 tick(s)
[00:37:01] [Server thread/WARN]: Can't keep up! Did the system time change, or is the server overloaded? Running 4821ms behind, skipping 96 tick(s)
[00:37:24] [Server thread/WARN]: Can't keep up! Did the system time change, or is the server overloaded? Running 11389ms behind, skipping 227 tick(s)
[00:37:35] [Server thread/WARN]: Can't keep up! Did the system time change, or is the server overloaded? Running 4809ms behind, skipping 96 tick(s)
[00:38:04] [Server thread/WARN]: Can't keep up! Did the system time change, or is the server overloaded? Running 11403ms behind, skipping 228 tick(s)
[00:38:12] [Server thread/WARN]: Can't keep up! Did the system time change, or is the server overloaded? Running 2740ms behind, skipping 54 tick(s)
[00:38:41] [Server thread/WARN]: Can't keep up! Did the system time change, or is the server overloaded? Running 13989ms behind, skipping 279 tick(s)
[00:38:48] [Server thread/WARN]: Can't keep up! Did the system time change, or is the server overloaded? Running 4184ms behind, skipping 83 tick(s)
[00:39:13] [Server thread/WARN]: Can't keep up! Did the system time change, or is the server overloaded? Running 9319ms behind, skipping 186 tick(s)
[00:39:34] [Server thread/WARN]: Can't keep up! Did the system time change, or is the server overloaded? Running 11229ms behind, skipping 224 tick(s)
[00:39:43] [Server thread/WARN]: Can't keep up! Did the system time change, or is the server overloaded? Running 4303ms behind, skipping 86 tick(s)
[00:40:02] [Server thread/WARN]: Can't keep up! Did the system time change, or is the server overloaded? Running 7071ms behind, skipping 141 tick(s)
[00:40:21] [Server thread/WARN]: Can't keep up! Did the system time change, or is the server overloaded? Running 7273ms behind, skipping 145 tick(s)
[00:40:53] [Server thread/WARN]: Can't keep up! Did the system time change, or is the server overloaded? Running 15747ms behind, skipping 314 tick(s)
[00:40:55] [Server thread/WARN]: Can't keep up! Did the system time change, or is the server overloaded? Running 2428ms behind, skipping 48 tick(s)
[00:41:24] [Server thread/WARN]: Can't keep up! Did the system time change, or is the server overloaded? Running 9355ms behind, skipping 187 tick(s)
[00:41:42] [Server thread/WARN]: Can't keep up! Did the system time change, or is the server overloaded? Running 9163ms behind, skipping 183 tick(s)
[00:42:07] [Server thread/WARN]: Can't keep up! Did the system time change, or is the server overloaded? Running 11526ms behind, skipping 230 tick(s)
[00:42:24] [Server thread/WARN]: Can't keep up! Did the system time change, or is the server overloaded? Running 12786ms behind, skipping 255 tick(s)
[00:42:30] [Server thread/WARN]: Can't keep up! Did the system time change, or is the server overloaded? Running 2774ms behind, skipping 55 tick(s)
[00:42:57] [Server thread/WARN]: Can't keep up! Did the system time change, or is the server overloaded? Running 11467ms behind, skipping 229 tick(s)
[00:43:10] [Server thread/WARN]: Can't keep up! Did the system time change, or is the server overloaded? Running 8626ms behind, skipping 172 tick(s)
[00:43:27] [Server thread/WARN]: Can't keep up! Did the system time change, or is the server overloaded? Running 6636ms behind, skipping 132 tick(s)
[00:43:43] [Server thread/WARN]: Can't keep up! Did the system time change, or is the server overloaded? Running 6569ms behind, skipping 131 tick(s)
[00:44:04] [Server thread/WARN]: Can't keep up! Did the system time change, or is the server overloaded? Running 8666ms behind, skipping 173 tick(s)
[00:44:22] [Server thread/WARN]: Can't keep up! Did the system time change, or is the server overloaded? Running 11421ms behind, skipping 228 tick(s)
[00:44:33] [Server thread/WARN]: Can't keep up! Did the system time change, or is the server overloaded? Running 5008ms behind, skipping 100 tick(s)
[00:44:56] [Server thread/WARN]: Can't keep up! Did the system time change, or is the server overloaded? Running 9210ms behind, skipping 184 tick(s)
[00:45:08] [Server thread/WARN]: Can't keep up! Did the system time change, or is the server overloaded? Running 5095ms behind, skipping 101 tick(s)
[00:45:31] [Server thread/WARN]: Can't keep up! Did the system time change, or is the server overloaded? Running 11686ms behind, skipping 233 tick(s)
[00:45:40] [Server thread/WARN]: Can't keep up! Did the system time change, or is the server overloaded? Running 5105ms behind, skipping 102 tick(s)
[00:46:02] [Server thread/WARN]: Can't keep up! Did the system time change, or is the server overloaded? Running 9222ms behind, skipping 184 tick(s)
[00:46:17] [Server thread/WARN]: Can't keep up! Did the system time change, or is the server overloaded? Running 7802ms behind, skipping 156 tick(s)
[00:46:49] [Server thread/WARN]: Can't keep up! Did the system time change, or is the server overloaded? Running 15539ms behind, skipping 310 tick(s)
[00:46:52] [Server thread/WARN]: Can't keep up! Did the system time change, or is the server overloaded? Running 2570ms behind, skipping 51 tick(s)
[00:47:20] [Server thread/WARN]: Can't keep up! Did the system time change, or is the server overloaded? Running 11903ms behind, skipping 238 tick(s)
[00:47:31] [Server thread/WARN]: Can't keep up! Did the system time change, or is the server overloaded? Running 6647ms behind, skipping 132 tick(s)
[00:48:03] [Server thread/WARN]: Can't keep up! Did the system time change, or is the server overloaded? Running 15641ms behind, skipping 312 tick(s)
[00:48:07] [Server thread/WARN]: Can't keep up! Did the system time change, or is the server overloaded? Running 4023ms behind, skipping 80 tick(s)
[00:48:33] [Server thread/WARN]: Can't keep up! Did the system time change, or is the server overloaded? Running 11533ms behind, skipping 230 tick(s)
[00:48:43] [Server thread/WARN]: Can't keep up! Did the system time change, or is the server overloaded? Running 6675ms behind, skipping 133 tick(s)
[00:49:21] [Server thread/WARN]: Can't keep up! Did the system time change, or is the server overloaded? Running 20026ms behind, skipping 400 tick(s)
[00:49:23] [Server thread/WARN]: Can't keep up! Did the system time change, or is the server overloaded? Running 2555ms behind, skipping 51 tick(s)
[00:50:05] [Server thread/WARN]: Can't keep up! Did the system time change, or is the server overloaded? Running 19848ms behind, skipping 396 tick(s)
[00:50:09] [Server thread/WARN]: Can't keep up! Did the system time change, or is the server overloaded? Running 4198ms behind, skipping 83 tick(s)
[00:50:53] [Server thread/WARN]: Can't keep up! Did the system time change, or is the server overloaded? Running 23841ms behind, skipping 476 tick(s)
[00:50:56] [Server thread/WARN]: Can't keep up! Did the system time change, or is the server overloaded? Running 2623ms behind, skipping 52 tick(s)
[00:51:54] [Server thread/WARN]: Can't keep up! Did the system time change, or is the server overloaded? Running 32264ms behind, skipping 645 tick(s)
[00:52:00] [Server thread/WARN]: Can't keep up! Did the system time change, or is the server overloaded? Running 6275ms behind, skipping 125 tick(s)
[00:52:29] [Server thread/WARN]: Can't keep up! Did the system time change, or is the server overloaded? Running 15789ms behind, skipping 315 tick(s)
[00:52:33] [Server thread/WARN]: Can't keep up! Did the system time change, or is the server overloaded? Running 4221ms behind, skipping 84 tick(s)
[00:53:05] [Server thread/WARN]: Can't keep up! Did the system time change, or is the server overloaded? Running 18928ms behind, skipping 378 tick(s)
[00:53:08] [Server thread/WARN]: Can't keep up! Did the system time change, or is the server overloaded? Running 2707ms behind, skipping 54 tick(s)
[00:53:48] [Server thread/WARN]: Can't keep up! Did the system time change, or is the server overloaded? Running 26048ms behind, skipping 520 tick(s)
[00:53:53] [Server thread/WARN]: Can't keep up! Did the system time change, or is the server overloaded? Running 4202ms behind, skipping 84 tick(s)
[00:54:49] [Server thread/WARN]: Can't keep up! Did the system time change, or is the server overloaded? Running 32113ms behind, skipping 642 tick(s)
[00:54:53] [Server thread/WARN]: Can't keep up! Did the system time change, or is the server overloaded? Running 4292ms behind, skipping 85 tick(s)
[00:55:51] [Server thread/WARN]: Can't keep up! Did the system time change, or is the server overloaded? Running 35184ms behind, skipping 703 tick(s)
[00:55:56] [Server thread/WARN]: Can't keep up! Did the system time change, or is the server overloaded? Running 4311ms behind, skipping 86 tick(s)
[00:56:28] [Server thread/WARN]: Can't keep up! Did the system time change, or is the server overloaded? Running 19295ms behind, skipping 385 tick(s)
[00:56:32] [Server thread/WARN]: Can't keep up! Did the system time change, or is the server overloaded? Running 4252ms behind, skipping 85 tick(s)
[00:57:29] [Server thread/WARN]: Can't keep up! Did the system time change, or is the server overloaded? Running 36350ms behind, skipping 727 tick(s)
[00:57:34] [Server thread/WARN]: Can't keep up! Did the system time change, or is the server overloaded? Running 4344ms behind, skipping 86 tick(s)
[00:58:28] [Server thread/WARN]: Can't keep up! Did the system time change, or is the server overloaded? Running 33763ms behind, skipping 675 tick(s)
[00:58:34] [Server thread/WARN]: Can't keep up! Did the system time change, or is the server overloaded? Running 5925ms behind, skipping 118 tick(s)
[00:59:32] [Server thread/WARN]: Can't keep up! Did the system time change, or is the server overloaded? Running 37994ms behind, skipping 759 tick(s)
[00:59:37] [Server thread/WARN]: Can't keep up! Did the system time change, or is the server overloaded? Running 4325ms behind, skipping 86 tick(s)
[01:00:24] [Server thread/WARN]: Can't keep up! Did the system time change, or is the server overloaded? Running 30664ms behind, skipping 613 tick(s)
[01:00:30] [Server thread/WARN]: Can't keep up! Did the system time change, or is the server overloaded? Running 5988ms behind, skipping 119 tick(s)
[01:02:02] [Server Watchdog/FATAL]: A single server tick took 60.00 seconds (should be max 0.05)
[01:02:02] [Server Watchdog/FATAL]: Considering it to be crashed, server will forcibly shutdown.
[01:02:02] [Server Watchdog/ERROR]: This crash report has been saved to: /home/alvin/avokadozip/./crash-reports/crash-2015-03-21_01.02.02-server.txt
[01:02:02] [Server Shutdown Thread/INFO]: Stopping server
