[16:04:35] [Server thread/INFO]: Starting minecraft server version 1.8.3
[16:04:35] [Server thread/INFO]: Loading properties
[16:04:35] [Server console handler/ERROR]: Exception handling console input
java.io.IOException: The handle is invalid
	at java.io.FileInputStream.readBytes(Native Method) ~[?:1.8.0_25]
	at java.io.FileInputStream.read(Unknown Source) ~[?:1.8.0_25]
	at java.io.BufferedInputStream.read1(Unknown Source) ~[?:1.8.0_25]
	at java.io.BufferedInputStream.read(Unknown Source) ~[?:1.8.0_25]
	at sun.nio.cs.StreamDecoder.readBytes(Unknown Source) ~[?:1.8.0_25]
	at sun.nio.cs.StreamDecoder.implRead(Unknown Source) ~[?:1.8.0_25]
	at sun.nio.cs.StreamDecoder.read(Unknown Source) ~[?:1.8.0_25]
	at java.io.InputStreamReader.read(Unknown Source) ~[?:1.8.0_25]
	at java.io.BufferedReader.fill(Unknown Source) ~[?:1.8.0_25]
	at java.io.BufferedReader.readLine(Unknown Source) ~[?:1.8.0_25]
	at java.io.BufferedReader.readLine(Unknown Source) ~[?:1.8.0_25]
	at kp$2.run(SourceFile:81) [minecraft_server.1.8.3.exe:?]
[16:04:35] [Server thread/INFO]: Default game type: SURVIVAL
[16:04:35] [Server thread/INFO]: Generating keypair
[16:04:36] [Server thread/INFO]: Starting Minecraft server on *:25565
[16:04:36] [Server thread/INFO]: Using default channel type
[16:04:36] [Server thread/INFO]: Preparing level "world"
[16:04:36] [Server thread/INFO]: Preparing start region for level 0
[16:04:38] [Server thread/INFO]: Preparing spawn area: 70%
[16:04:38] [Server thread/INFO]: Done (2,050s)! For help, type "help" or "?"
[16:05:35] [User Authenticator #1/INFO]: UUID of player Vilgot is c10c7ee2-d9bc-46bb-bd91-ae941103a955
[16:05:35] [Server thread/INFO]: Vilgot[/85.230.14.47:55137] logged in with entity id 155 at (425.16622711193816, 70.0, 548.4345618424697)
[16:05:35] [Server thread/INFO]: Vilgot (formerly known as Vilgot2000) joined the game
[16:05:44] [User Authenticator #2/INFO]: UUID of player Storsnoppen is c15bc5ef-c321-4602-a794-18374116ab12
[16:05:44] [Server thread/INFO]: Storsnoppen[/127.0.0.1:52823] logged in with entity id 476 at (412.7511562529123, 59.0, 576.4663952265049)
[16:05:44] [Server thread/INFO]: Storsnoppen (formerly known as mustafakatt) joined the game
[16:14:22] [Server thread/INFO]: Vilgot lost connection: TranslatableComponent{key='disconnect.genericReason', args=[Internal Exception: java.io.IOException: An established connection was aborted by the software in your host machine], siblings=[], style=Style{hasParent=false, color=null, bold=null, italic=null, underlined=null, obfuscated=null, clickEvent=null, hoverEvent=null, insertion=null}}
[16:14:22] [Server thread/INFO]: Vilgot left the game
[16:20:39] [User Authenticator #3/INFO]: UUID of player Vilgot is c10c7ee2-d9bc-46bb-bd91-ae941103a955
[16:20:39] [Server thread/INFO]: Vilgot[/85.230.14.47:55185] logged in with entity id 10529 at (424.7137729091594, 60.0, 572.5857213229976)
[16:20:39] [Server thread/INFO]: Vilgot (formerly known as Vilgot2000) joined the game
[16:22:03] [Server thread/INFO]: Storsnoppen lost connection: TextComponent{text='Disconnected', siblings=[], style=Style{hasParent=false, color=null, bold=null, italic=null, underlined=null, obfuscated=null, clickEvent=null, hoverEvent=null, insertion=null}}
[16:22:03] [Server thread/INFO]: Storsnoppen left the game
[16:25:35] [Server thread/INFO]: Vilgot lost connection: TextComponent{text='Disconnected', siblings=[], style=Style{hasParent=false, color=null, bold=null, italic=null, underlined=null, obfuscated=null, clickEvent=null, hoverEvent=null, insertion=null}}
[16:25:35] [Server thread/INFO]: Vilgot left the game
[16:26:01] [Server thread/INFO]: com.mojang.authlib.GameProfile@36482e84[id=<null>,name=Vilgot,properties={},legacy=false] (/85.230.14.47:55293) lost connection: Disconnected
[16:26:01] [User Authenticator #4/INFO]: UUID of player Vilgot is c10c7ee2-d9bc-46bb-bd91-ae941103a955
[16:26:02] [User Authenticator #5/INFO]: UUID of player Vilgot is c10c7ee2-d9bc-46bb-bd91-ae941103a955
[16:26:02] [Server thread/INFO]: Vilgot[/85.230.14.47:55295] logged in with entity id 14149 at (392.01683109496895, 69.0, 536.0259152309955)
[16:26:02] [Server thread/INFO]: Vilgot (formerly known as Vilgot2000) joined the game
[16:42:42] [User Authenticator #6/INFO]: UUID of player Storsnoppen is c15bc5ef-c321-4602-a794-18374116ab12
[16:42:42] [Server thread/INFO]: Storsnoppen[/127.0.0.1:53025] logged in with entity id 25497 at (422.17311648258834, 58.0, 581.9683904471892)
[16:42:42] [Server thread/INFO]: Storsnoppen (formerly known as mustafakatt) joined the game
[16:45:33] [Server thread/INFO]: <Storsnoppen> wtf?
[16:45:41] [Server thread/INFO]: <Storsnoppen> vad gör alvin?
[16:45:42] [Server thread/INFO]: <Vilgot> vad
[16:45:52] [Server thread/INFO]: <Storsnoppen> hans mamma står och nynnar lol
[16:46:15] [Server thread/INFO]: <Storsnoppen> Hon sa till alvin att han inte får prata när han tömmer diskmaskinen
[16:46:26] [Server thread/INFO]: <Storsnoppen> när jag pratade
[16:46:38] [Server thread/INFO]: <Storsnoppen> han har oss på högtalare
[16:46:45] [Server thread/INFO]: <Storsnoppen> så säg inget pin
[16:46:50] [Server thread/INFO]: <Storsnoppen> då hör hans mamma
[16:47:23] [Server thread/INFO]: <Storsnoppen> dafuq?
[16:47:46] [Server thread/INFO]: <Storsnoppen> fett jävla award
[16:47:50] [Server thread/INFO]: <Storsnoppen> akward
[16:48:05] [Server thread/INFO]: <Vilgot> awkward
[16:48:11] [Server thread/INFO]: <Storsnoppen> wow
[16:48:13] [Server thread/INFO]: <Storsnoppen> coolt
[16:52:07] [Server thread/INFO]: Vilgot lost connection: TextComponent{text='Disconnected', siblings=[], style=Style{hasParent=false, color=null, bold=null, italic=null, underlined=null, obfuscated=null, clickEvent=null, hoverEvent=null, insertion=null}}
[16:52:07] [Server thread/INFO]: Vilgot left the game
[16:52:24] [User Authenticator #7/INFO]: UUID of player Vilgot is c10c7ee2-d9bc-46bb-bd91-ae941103a955
[16:52:24] [Server thread/INFO]: Vilgot[/85.230.14.47:55369] logged in with entity id 33360 at (423.9926308945249, 70.0, 549.9944520549411)
[16:52:24] [Server thread/INFO]: Vilgot (formerly known as Vilgot2000) joined the game
[16:55:51] [Server thread/INFO]: Vilgot lost connection: TextComponent{text='Disconnected', siblings=[], style=Style{hasParent=false, color=null, bold=null, italic=null, underlined=null, obfuscated=null, clickEvent=null, hoverEvent=null, insertion=null}}
[16:55:51] [Server thread/INFO]: Vilgot left the game
[16:56:04] [User Authenticator #8/INFO]: UUID of player Vilgot is c10c7ee2-d9bc-46bb-bd91-ae941103a955
[16:56:04] [Server thread/INFO]: Vilgot[/85.230.14.47:55375] logged in with entity id 36451 at (477.17306532974277, 72.0, 600.8779272859571)
[16:56:04] [Server thread/INFO]: Vilgot (formerly known as Vilgot2000) joined the game
[16:56:20] [User Authenticator #9/INFO]: UUID of player Niron is 51860a53-ea65-4068-acd1-150cd341c7fb
[16:56:20] [Server thread/INFO]: Niron[/85.226.187.29:44979] logged in with entity id 37045 at (250.0734349954618, 67.0, 577.3000000119209)
[16:56:20] [Server thread/INFO]: Niron (formerly known as Alvin_Norin) joined the game
[16:56:32] [Server thread/INFO]: Niron lost connection: TranslatableComponent{key='disconnect.genericReason', args=[Internal Exception: java.io.IOException: An existing connection was forcibly closed by the remote host], siblings=[], style=Style{hasParent=false, color=null, bold=null, italic=null, underlined=null, obfuscated=null, clickEvent=null, hoverEvent=null, insertion=null}}
[16:56:32] [Server thread/INFO]: Niron left the game
[16:57:07] [User Authenticator #10/INFO]: UUID of player Niron is 51860a53-ea65-4068-acd1-150cd341c7fb
[16:57:07] [Server thread/INFO]: Niron[/85.226.187.29:44982] logged in with entity id 37930 at (250.0734349954618, 66.0, 577.3000000119209)
[16:57:07] [Server thread/INFO]: Niron (formerly known as Alvin_Norin) joined the game
[16:57:08] [Server thread/INFO]: Teleported Niron to Vilgot
[17:04:31] [Server thread/WARN]: Niron was kicked for floating too long!
[17:04:31] [Server thread/INFO]: Niron lost connection: TextComponent{text='Flying is not enabled on this server', siblings=[], style=Style{hasParent=false, color=null, bold=null, italic=null, underlined=null, obfuscated=null, clickEvent=null, hoverEvent=null, insertion=null}}
[17:04:31] [Server thread/INFO]: Niron left the game
[17:04:31] [Server thread/WARN]: Niron was kicked for floating too long!
[17:04:31] [Server thread/WARN]: handleDisconnection() called twice
[17:04:31] [Server thread/WARN]: Niron was kicked for floating too long!
[17:04:31] [Server thread/WARN]: handleDisconnection() called twice
[17:04:31] [Server thread/WARN]: Niron was kicked for floating too long!
[17:04:31] [Server thread/WARN]: handleDisconnection() called twice
[17:04:31] [Server thread/WARN]: Niron was kicked for floating too long!
[17:04:31] [Server thread/WARN]: handleDisconnection() called twice
[17:04:31] [Server thread/WARN]: Niron was kicked for floating too long!
[17:04:31] [Server thread/WARN]: handleDisconnection() called twice
[17:04:31] [Server thread/WARN]: Niron was kicked for floating too long!
[17:04:31] [Server thread/WARN]: handleDisconnection() called twice
[17:04:31] [Server thread/WARN]: Niron was kicked for floating too long!
[17:04:31] [Server thread/WARN]: handleDisconnection() called twice
[17:04:31] [Server thread/WARN]: handleDisconnection() called twice
[17:04:46] [User Authenticator #11/INFO]: UUID of player Niron is 51860a53-ea65-4068-acd1-150cd341c7fb
[17:04:46] [Server thread/INFO]: Niron[/85.226.187.29:44986] logged in with entity id 45633 at (544.5, 59.7125, 895.5)
[17:04:46] [Server thread/INFO]: Niron (formerly known as Alvin_Norin) joined the game
[17:09:35] [Server thread/INFO]: Niron lost connection: TextComponent{text='Disconnected', siblings=[], style=Style{hasParent=false, color=null, bold=null, italic=null, underlined=null, obfuscated=null, clickEvent=null, hoverEvent=null, insertion=null}}
[17:09:35] [Server thread/INFO]: Niron left the game
[17:09:47] [User Authenticator #12/INFO]: UUID of player Niron is 51860a53-ea65-4068-acd1-150cd341c7fb
[17:09:47] [Server thread/INFO]: Niron[/85.226.187.29:45062] logged in with entity id 51788 at (422.7032350653867, 84.0, 548.0750645660182)
[17:09:47] [Server thread/INFO]: Niron (formerly known as Alvin_Norin) joined the game
[17:09:52] [Server thread/INFO]: Vilgot lost connection: TextComponent{text='Disconnected', siblings=[], style=Style{hasParent=false, color=null, bold=null, italic=null, underlined=null, obfuscated=null, clickEvent=null, hoverEvent=null, insertion=null}}
[17:09:52] [Server thread/INFO]: Vilgot left the game
[17:09:55] [User Authenticator #13/INFO]: UUID of player Vilgot is c10c7ee2-d9bc-46bb-bd91-ae941103a955
[17:09:55] [Server thread/INFO]: Vilgot[/85.230.14.47:55431] logged in with entity id 52067 at (629.4555728939106, 71.16610926093821, 532.8217352145047)
[17:09:55] [Server thread/INFO]: Vilgot (formerly known as Vilgot2000) joined the game
[17:26:37] [Server thread/INFO]: Niron lost connection: TranslatableComponent{key='disconnect.genericReason', args=[Internal Exception: java.io.IOException: An existing connection was forcibly closed by the remote host], siblings=[], style=Style{hasParent=false, color=null, bold=null, italic=null, underlined=null, obfuscated=null, clickEvent=null, hoverEvent=null, insertion=null}}
[17:26:37] [Server thread/INFO]: Niron left the game
[17:29:55] [User Authenticator #14/INFO]: UUID of player Niron is 51860a53-ea65-4068-acd1-150cd341c7fb
[17:29:55] [Server thread/INFO]: Niron[/85.226.187.29:45774] logged in with entity id 68789 at (444.60659644873516, 88.0, 557.7196358693384)
[17:29:55] [Server thread/INFO]: Niron (formerly known as Alvin_Norin) joined the game
[17:30:25] [Server thread/INFO]: Niron lost connection: TranslatableComponent{key='disconnect.timeout', args=[], siblings=[], style=Style{hasParent=false, color=null, bold=null, italic=null, underlined=null, obfuscated=null, clickEvent=null, hoverEvent=null, insertion=null}}
[17:30:25] [Server thread/INFO]: Niron left the game
[17:32:47] [Server thread/INFO]: Vilgot lost connection: TextComponent{text='Disconnected', siblings=[], style=Style{hasParent=false, color=null, bold=null, italic=null, underlined=null, obfuscated=null, clickEvent=null, hoverEvent=null, insertion=null}}
[17:32:47] [Server thread/INFO]: Vilgot left the game
[17:41:19] [User Authenticator #15/INFO]: UUID of player Vilgot is c10c7ee2-d9bc-46bb-bd91-ae941103a955
[17:41:19] [Server thread/INFO]: Vilgot[/85.230.14.47:55758] logged in with entity id 74479 at (411.7711459199875, 70.0, 543.232946697827)
[17:41:19] [Server thread/INFO]: Vilgot (formerly known as Vilgot2000) joined the game
[17:41:33] [Server thread/INFO]: Storsnoppen lost connection: TextComponent{text='Disconnected', siblings=[], style=Style{hasParent=false, color=null, bold=null, italic=null, underlined=null, obfuscated=null, clickEvent=null, hoverEvent=null, insertion=null}}
[17:41:33] [Server thread/INFO]: Storsnoppen left the game
[17:41:36] [User Authenticator #16/INFO]: UUID of player Storsnoppen is c15bc5ef-c321-4602-a794-18374116ab12
[17:41:36] [Server thread/INFO]: Storsnoppen[/127.0.0.1:53217] logged in with entity id 74672 at (431.333612607792, 57.0, 589.8644136365914)
[17:41:36] [Server thread/INFO]: Storsnoppen (formerly known as mustafakatt) joined the game
[17:41:43] [Server thread/INFO]: Storsnoppen lost connection: TextComponent{text='Disconnected', siblings=[], style=Style{hasParent=false, color=null, bold=null, italic=null, underlined=null, obfuscated=null, clickEvent=null, hoverEvent=null, insertion=null}}
[17:41:43] [Server thread/INFO]: Storsnoppen left the game
[17:41:46] [User Authenticator #17/INFO]: UUID of player Storsnoppen is c15bc5ef-c321-4602-a794-18374116ab12
[17:41:46] [Server thread/INFO]: Storsnoppen[/127.0.0.1:53221] logged in with entity id 74977 at (431.02559983774086, 58.0, 585.3872848270001)
[17:41:46] [Server thread/INFO]: Storsnoppen (formerly known as mustafakatt) joined the game
[18:08:40] [Server thread/INFO]: Storsnoppen lost connection: TextComponent{text='Disconnected', siblings=[], style=Style{hasParent=false, color=null, bold=null, italic=null, underlined=null, obfuscated=null, clickEvent=null, hoverEvent=null, insertion=null}}
[18:08:40] [Server thread/INFO]: Storsnoppen left the game
[18:15:30] [Server thread/INFO]: <Vilgot> AHIIII
[18:21:08] [User Authenticator #18/INFO]: UUID of player Storsnoppen is c15bc5ef-c321-4602-a794-18374116ab12
[18:21:08] [Server thread/INFO]: Storsnoppen[/127.0.0.1:53519] logged in with entity id 104583 at (427.9943305640192, 58.0, 581.2480861279146)
[18:21:08] [Server thread/INFO]: Storsnoppen (formerly known as mustafakatt) joined the game
[18:24:04] [User Authenticator #19/INFO]: UUID of player Niron is 51860a53-ea65-4068-acd1-150cd341c7fb
[18:24:04] [Server thread/INFO]: Niron[/85.226.187.29:43730] logged in with entity id 107023 at (444.60659644873516, 88.0, 557.7196358693384)
[18:24:04] [Server thread/INFO]: Niron (formerly known as Alvin_Norin) joined the game
[18:24:28] [Server thread/INFO]: Niron lost connection: TranslatableComponent{key='disconnect.genericReason', args=[Internal Exception: java.io.IOException: An existing connection was forcibly closed by the remote host], siblings=[], style=Style{hasParent=false, color=null, bold=null, italic=null, underlined=null, obfuscated=null, clickEvent=null, hoverEvent=null, insertion=null}}
[18:24:28] [Server thread/INFO]: Niron left the game
[18:25:55] [User Authenticator #20/INFO]: UUID of player Niron is 51860a53-ea65-4068-acd1-150cd341c7fb
[18:25:55] [Server thread/INFO]: Niron[/85.226.187.29:43735] logged in with entity id 107983 at (444.60659644873516, 88.0, 557.7196358693384)
[18:25:55] [Server thread/INFO]: Niron (formerly known as Alvin_Norin) joined the game
[18:26:24] [Server thread/INFO]: Niron lost connection: TranslatableComponent{key='disconnect.timeout', args=[], siblings=[], style=Style{hasParent=false, color=null, bold=null, italic=null, underlined=null, obfuscated=null, clickEvent=null, hoverEvent=null, insertion=null}}
[18:26:24] [Server thread/INFO]: Niron left the game
[18:28:40] [User Authenticator #21/INFO]: UUID of player Niron is 51860a53-ea65-4068-acd1-150cd341c7fb
[18:28:40] [Server thread/INFO]: Niron[/85.226.187.29:43794] logged in with entity id 109806 at (444.60659644873516, 88.0, 557.7196358693384)
[18:28:40] [Server thread/INFO]: Niron (formerly known as Alvin_Norin) joined the game
[18:29:09] [Server thread/INFO]: Niron lost connection: TranslatableComponent{key='disconnect.timeout', args=[], siblings=[], style=Style{hasParent=false, color=null, bold=null, italic=null, underlined=null, obfuscated=null, clickEvent=null, hoverEvent=null, insertion=null}}
[18:29:09] [Server thread/INFO]: Niron left the game
[19:03:24] [Server thread/INFO]: Vilgot lost connection: TextComponent{text='Disconnected', siblings=[], style=Style{hasParent=false, color=null, bold=null, italic=null, underlined=null, obfuscated=null, clickEvent=null, hoverEvent=null, insertion=null}}
[19:03:24] [Server thread/INFO]: Vilgot left the game
[19:07:06] [User Authenticator #22/INFO]: UUID of player Vilgot is c10c7ee2-d9bc-46bb-bd91-ae941103a955
[19:07:06] [Server thread/INFO]: Vilgot[/85.230.14.47:56257] logged in with entity id 136898 at (413.07320517836314, 59.0, 599.901997083282)
[19:07:06] [Server thread/INFO]: Vilgot (formerly known as Vilgot2000) joined the game
[19:39:20] [User Authenticator #23/INFO]: UUID of player Niron is 51860a53-ea65-4068-acd1-150cd341c7fb
[19:39:20] [Server thread/INFO]: Niron[/85.226.187.29:44319] logged in with entity id 156029 at (444.60659644873516, 88.0, 557.7196358693384)
[19:39:20] [Server thread/INFO]: Niron (formerly known as Alvin_Norin) joined the game
[19:39:50] [Server thread/INFO]: Niron lost connection: TextComponent{text='Disconnected', siblings=[], style=Style{hasParent=false, color=null, bold=null, italic=null, underlined=null, obfuscated=null, clickEvent=null, hoverEvent=null, insertion=null}}
[19:39:50] [Server thread/INFO]: Niron left the game
[19:42:20] [User Authenticator #24/INFO]: UUID of player Niron is 51860a53-ea65-4068-acd1-150cd341c7fb
[19:42:20] [Server thread/INFO]: Niron[/85.226.187.29:44352] logged in with entity id 157847 at (444.60659644873516, 88.0, 557.7196358693384)
[19:42:20] [Server thread/INFO]: Niron (formerly known as Alvin_Norin) joined the game
[19:42:39] [Server thread/INFO]: Niron lost connection: TranslatableComponent{key='disconnect.genericReason', args=[Internal Exception: java.io.IOException: An existing connection was forcibly closed by the remote host], siblings=[], style=Style{hasParent=false, color=null, bold=null, italic=null, underlined=null, obfuscated=null, clickEvent=null, hoverEvent=null, insertion=null}}
[19:42:39] [Server thread/INFO]: Niron left the game
[19:44:22] [User Authenticator #25/INFO]: UUID of player Niron is 51860a53-ea65-4068-acd1-150cd341c7fb
[19:44:22] [Server thread/INFO]: Niron[/85.226.187.29:44403] logged in with entity id 159360 at (444.60659644873516, 88.0, 557.7196358693384)
[19:44:22] [Server thread/INFO]: Niron (formerly known as Alvin_Norin) joined the game
[20:01:13] [Server thread/WARN]: Niron moved wrongly!
[20:02:38] [Server thread/INFO]: Niron lost connection: TranslatableComponent{key='disconnect.genericReason', args=[Internal Exception: java.io.IOException: An existing connection was forcibly closed by the remote host], siblings=[], style=Style{hasParent=false, color=null, bold=null, italic=null, underlined=null, obfuscated=null, clickEvent=null, hoverEvent=null, insertion=null}}
[20:02:38] [Server thread/INFO]: Niron left the game
[20:02:44] [User Authenticator #26/INFO]: UUID of player Niron is 51860a53-ea65-4068-acd1-150cd341c7fb
[20:02:44] [Server thread/INFO]: Niron[/85.226.187.29:44424] logged in with entity id 175568 at (309.30000001192093, 69.0, 747.336523241303)
[20:02:44] [Server thread/INFO]: Niron (formerly known as Alvin_Norin) joined the game
[20:03:14] [Server thread/INFO]: Niron lost connection: TranslatableComponent{key='disconnect.timeout', args=[], siblings=[], style=Style{hasParent=false, color=null, bold=null, italic=null, underlined=null, obfuscated=null, clickEvent=null, hoverEvent=null, insertion=null}}
[20:03:14] [Server thread/INFO]: Niron left the game
[20:31:08] [User Authenticator #27/INFO]: UUID of player Niron is 51860a53-ea65-4068-acd1-150cd341c7fb
[20:31:08] [Server thread/INFO]: Niron[/85.226.187.29:50769] logged in with entity id 194866 at (309.30000001192093, 69.0, 747.336523241303)
[20:31:08] [Server thread/INFO]: Niron (formerly known as Alvin_Norin) joined the game
[20:31:37] [Server thread/INFO]: Niron lost connection: TranslatableComponent{key='disconnect.timeout', args=[], siblings=[], style=Style{hasParent=false, color=null, bold=null, italic=null, underlined=null, obfuscated=null, clickEvent=null, hoverEvent=null, insertion=null}}
[20:31:37] [Server thread/INFO]: Niron left the game
[20:34:35] [User Authenticator #28/INFO]: UUID of player Niron is 51860a53-ea65-4068-acd1-150cd341c7fb
[20:34:35] [Server thread/INFO]: Niron[/85.226.187.29:50776] logged in with entity id 197221 at (309.30000001192093, 69.0, 747.336523241303)
[20:34:35] [Server thread/INFO]: Niron (formerly known as Alvin_Norin) joined the game
[20:35:04] [Server thread/INFO]: Niron lost connection: TranslatableComponent{key='disconnect.timeout', args=[], siblings=[], style=Style{hasParent=false, color=null, bold=null, italic=null, underlined=null, obfuscated=null, clickEvent=null, hoverEvent=null, insertion=null}}
[20:35:04] [Server thread/INFO]: Niron left the game
[20:35:47] [User Authenticator #29/INFO]: UUID of player Niron is 51860a53-ea65-4068-acd1-150cd341c7fb
[20:35:47] [Server thread/INFO]: Niron[/85.226.187.29:50804] logged in with entity id 198171 at (309.30000001192093, 69.0, 747.336523241303)
[20:35:47] [Server thread/INFO]: Niron (formerly known as Alvin_Norin) joined the game
[20:35:50] [Server thread/INFO]: Niron lost connection: TextComponent{text='Disconnected', siblings=[], style=Style{hasParent=false, color=null, bold=null, italic=null, underlined=null, obfuscated=null, clickEvent=null, hoverEvent=null, insertion=null}}
[20:35:50] [Server thread/INFO]: Niron left the game
[20:36:13] [User Authenticator #30/INFO]: UUID of player Niron is 51860a53-ea65-4068-acd1-150cd341c7fb
[20:36:13] [Server thread/INFO]: Niron[/85.226.187.29:50814] logged in with entity id 198526 at (309.30000001192093, 69.0, 747.336523241303)
[20:36:13] [Server thread/INFO]: Niron (formerly known as Alvin_Norin) joined the game
[20:36:59] [Server thread/INFO]: Niron lost connection: TextComponent{text='Disconnected', siblings=[], style=Style{hasParent=false, color=null, bold=null, italic=null, underlined=null, obfuscated=null, clickEvent=null, hoverEvent=null, insertion=null}}
[20:36:59] [Server thread/INFO]: Niron left the game
[20:39:54] [User Authenticator #31/INFO]: UUID of player Niron is 51860a53-ea65-4068-acd1-150cd341c7fb
[20:39:54] [Server thread/INFO]: Niron[/85.226.187.29:50826] logged in with entity id 201005 at (297.57234626379255, 64.0, 758.3000000119209)
[20:39:54] [Server thread/INFO]: Niron (formerly known as Alvin_Norin) joined the game
[20:40:23] [Server thread/INFO]: Niron lost connection: TranslatableComponent{key='disconnect.timeout', args=[], siblings=[], style=Style{hasParent=false, color=null, bold=null, italic=null, underlined=null, obfuscated=null, clickEvent=null, hoverEvent=null, insertion=null}}
[20:40:23] [Server thread/INFO]: Niron left the game
[20:40:51] [User Authenticator #32/INFO]: UUID of player Niron is 51860a53-ea65-4068-acd1-150cd341c7fb
[20:40:51] [Server thread/INFO]: Niron[/85.226.187.29:50831] logged in with entity id 201738 at (297.57234626379255, 64.0, 758.3000000119209)
[20:40:51] [Server thread/INFO]: Niron (formerly known as Alvin_Norin) joined the game
[20:52:16] [Server thread/WARN]: Niron moved wrongly!
[20:55:05] [Server thread/INFO]: Niron lost connection: TranslatableComponent{key='disconnect.genericReason', args=[Internal Exception: java.io.IOException: An existing connection was forcibly closed by the remote host], siblings=[], style=Style{hasParent=false, color=null, bold=null, italic=null, underlined=null, obfuscated=null, clickEvent=null, hoverEvent=null, insertion=null}}
[20:55:05] [Server thread/INFO]: Niron left the game
[20:56:44] [User Authenticator #33/INFO]: UUID of player Niron is 51860a53-ea65-4068-acd1-150cd341c7fb
[20:56:44] [Server thread/INFO]: Niron[/85.226.187.29:50865] logged in with entity id 213671 at (359.69990475917695, 65.0, 549.6999999880791)
[20:56:44] [Server thread/INFO]: Niron (formerly known as Alvin_Norin) joined the game
[20:57:14] [Server thread/INFO]: Niron lost connection: TranslatableComponent{key='disconnect.timeout', args=[], siblings=[], style=Style{hasParent=false, color=null, bold=null, italic=null, underlined=null, obfuscated=null, clickEvent=null, hoverEvent=null, insertion=null}}
[20:57:14] [Server thread/INFO]: Niron left the game
[20:58:13] [User Authenticator #34/INFO]: UUID of player Niron is 51860a53-ea65-4068-acd1-150cd341c7fb
[20:58:14] [Server thread/INFO]: Niron[/85.226.187.29:50898] logged in with entity id 215068 at (359.69990475917695, 65.0, 549.6999999880791)
[20:58:14] [Server thread/INFO]: Niron (formerly known as Alvin_Norin) joined the game
[21:00:12] [Server thread/INFO]: Niron lost connection: TextComponent{text='Disconnected', siblings=[], style=Style{hasParent=false, color=null, bold=null, italic=null, underlined=null, obfuscated=null, clickEvent=null, hoverEvent=null, insertion=null}}
[21:00:12] [Server thread/INFO]: Niron left the game
[21:10:10] [Server thread/INFO]: Storsnoppen lost connection: TextComponent{text='Disconnected', siblings=[], style=Style{hasParent=false, color=null, bold=null, italic=null, underlined=null, obfuscated=null, clickEvent=null, hoverEvent=null, insertion=null}}
[21:10:10] [Server thread/INFO]: Storsnoppen left the game
[21:10:21] [Server thread/INFO]: com.mojang.authlib.GameProfile@fd45eb7[id=<null>,name=Storsnoppen,properties={},legacy=false] (/127.0.0.1:53923) lost connection: Disconnected
[21:10:26] [Server thread/INFO]: com.mojang.authlib.GameProfile@4a9360af[id=<null>,name=Storsnoppen,properties={},legacy=false] (/127.0.0.1:53926) lost connection: Disconnected
[21:11:02] [User Authenticator #35/INFO]: UUID of player Storsnoppen is c15bc5ef-c321-4602-a794-18374116ab12
[21:11:02] [Server thread/INFO]: Storsnoppen[/127.0.0.1:53966] logged in with entity id 227667 at (367.1723934262521, 75.0, 571.5450702811748)
[21:11:02] [Server thread/INFO]: Storsnoppen (formerly known as mustafakatt) joined the game
[21:13:10] [Server thread/INFO]: Vilgot lost connection: TextComponent{text='Disconnected', siblings=[], style=Style{hasParent=false, color=null, bold=null, italic=null, underlined=null, obfuscated=null, clickEvent=null, hoverEvent=null, insertion=null}}
[21:13:10] [Server thread/INFO]: Vilgot left the game
[21:17:25] [Server thread/INFO]: Storsnoppen lost connection: TextComponent{text='Disconnected', siblings=[], style=Style{hasParent=false, color=null, bold=null, italic=null, underlined=null, obfuscated=null, clickEvent=null, hoverEvent=null, insertion=null}}
[21:17:25] [Server thread/INFO]: Storsnoppen left the game
[21:31:40] [User Authenticator #36/INFO]: UUID of player Storsnoppen is c15bc5ef-c321-4602-a794-18374116ab12
[21:31:40] [Server thread/INFO]: Storsnoppen[/127.0.0.1:54120] logged in with entity id 232074 at (363.18002849128413, 68.0, 593.379708334083)
[21:31:40] [Server thread/INFO]: Storsnoppen (formerly known as mustafakatt) joined the game
[21:32:10] [Server thread/INFO]: Toggled downfall
[21:43:13] [Server thread/INFO]: Toggled downfall
[21:54:27] [Server thread/INFO]: Toggled downfall
[22:01:01] [Server thread/INFO]: Set the time to 1000
[22:04:59] [User Authenticator #37/INFO]: UUID of player Popkrull is d7d65cb1-7d8f-4ea4-b43e-232e5a2618a8
[22:04:59] [Server thread/INFO]: Popkrull[/78.72.153.221:56340] logged in with entity id 252250 at (544.5099999904633, 58.7125, 896.5)
[22:04:59] [Server thread/INFO]: Popkrull joined the game
[22:05:04] [Server thread/INFO]: <Popkrull> Hey bitch
[22:05:11] [Server thread/INFO]: <Popkrull> :'D
[22:12:39] [Server thread/INFO]: <Popkrull> Fortfarande AFK?
[22:12:43] [Server thread/INFO]: <Storsnoppen> hej
[22:12:44] [Server thread/INFO]: <Storsnoppen> nej
[22:12:45] [Server thread/INFO]: <Popkrull> Jupp
[22:12:47] [Server thread/INFO]: <Popkrull> oh hei! :D
[22:12:48] [Server thread/INFO]: <Storsnoppen> håller på med kossor
[22:12:52] [Server thread/INFO]: <Storsnoppen> dom fucking SUGER
[22:12:59] [Server thread/INFO]: <Popkrull> din storsnopp?
[22:13:13] [Server thread/INFO]: <Storsnoppen> haha
[22:13:25] [Server thread/INFO]: <Popkrull> xD
[22:13:34] [Server thread/INFO]: <Popkrull> bu
[22:13:36] [Server thread/INFO]: <Storsnoppen> HGJÄLO
[22:13:40] [Server thread/INFO]: <Popkrull> du blev rädd
[22:13:49] [Server thread/INFO]: <Popkrull> visste det är så bra jag kan det här
[22:14:16] [Server thread/INFO]: <Storsnoppen> åh..
[22:14:21] [Server thread/INFO]: <Storsnoppen> dom syuger
[22:14:24] [Server thread/INFO]: <Popkrull> ojoj
[22:14:29] [Server thread/INFO]: Toggled downfall
[22:15:51] [Server thread/INFO]: <Popkrull> Jag ska logga in på Menoxia :P
[22:15:57] [Server thread/INFO]: <Popkrull> Bygga på Ad astra :P
[22:16:01] [Server thread/INFO]: Storsnoppen has just earned the achievement [Repopulation]
[22:16:01] [Server thread/INFO]: <Storsnoppen> ok
[22:16:33] [Server thread/INFO]: <Popkrull> Naw en bebi
[22:16:40] [Server thread/INFO]: <Storsnoppen> kan kossor para flera gånger
[22:16:41] [Server thread/INFO]: <Storsnoppen> ?
[22:16:44] [Server thread/INFO]: <Popkrull> aa
[22:16:51] [Server thread/INFO]: <Popkrull> Men de har lixom en cooldown
[22:17:04] [Server thread/INFO]: <Popkrull> Och incecst funkar så -.-
[22:17:13] [Server thread/INFO]: <Storsnoppen> ok
[22:18:02] [Server thread/INFO]: <Storsnoppen> du borde kolla in tunnelbanan
[22:18:59] [Server thread/INFO]: <Popkrull> har redan! :D
[22:19:03] [Server thread/INFO]: <Popkrull> Awesome
[22:19:04] [Server thread/INFO]: <Storsnoppen> noice
[22:19:07] [Server thread/INFO]: <Popkrull> m8
[22:19:08] [Server thread/INFO]: <Storsnoppen> alltså den nya
[22:19:11] [Server thread/INFO]: <Popkrull> um
[22:19:15] [Server thread/INFO]: <Storsnoppen> som vi fixade ideag
[22:19:17] [Server thread/INFO]: <Popkrull> bah där nere ja :P
[22:19:29] [Server thread/INFO]: <Popkrull> blommbergdalen idk det stället
[22:21:00] [Server thread/INFO]: <Storsnoppen> kom
[22:21:07] [Server thread/INFO]: <Popkrull> On my way
[22:21:12] [Server thread/INFO]: <Popkrull> :o
[22:21:13] [Server thread/INFO]: <Storsnoppen> här är det
[22:21:19] [Server thread/INFO]: <Popkrull> Fancy detta har jag inte sett :p
[22:21:22] [Server thread/INFO]: <Storsnoppen> man får inte vara där vid rälsen
[22:21:33] [Server thread/INFO]: <Popkrull> xD
[22:21:34] [Server thread/INFO]: <Popkrull> Najs
[22:22:09] [Server thread/INFO]: <Storsnoppen> hahahah
[22:22:56] [Server thread/INFO]: <Storsnoppen> klicka på knappen till stationen
[22:23:01] [Server thread/INFO]: <Storsnoppen> kom
[22:23:15] [Server thread/INFO]: <Popkrull> oj
[22:23:18] [Server thread/INFO]: <Popkrull> Snapade :'D
[22:23:28] [Server thread/INFO]: <Popkrull> AMEN NU ÅKER JU JAG TILL VATTENDALEN
[22:23:33] [Server thread/INFO]: <Popkrull> .-.
[22:23:52] [Server thread/INFO]: <Storsnoppen> kom och klicka på knappen när du ser mig göra den
[22:23:55] [Server thread/INFO]: <Storsnoppen> det
[22:24:01] [Server thread/INFO]: <Popkrull> oke!
[22:24:09] [Server thread/INFO]: <Storsnoppen> aaaaaaaaaaaaaaah
[22:24:12] [Server thread/INFO]: <Storsnoppen> hjäklp
[22:24:21] [Server thread/INFO]: <Popkrull> Woha helt otroligt amazinf
[22:24:23] [Server thread/INFO]: <Storsnoppen> NU
[22:24:41] [Server thread/INFO]: <Storsnoppen> eh..
[22:24:47] [Server thread/INFO]: <Storsnoppen> dafuq
[22:24:57] [Server thread/INFO]: <Storsnoppen> KOM DA
[22:24:58] [Server thread/INFO]: <Popkrull> när är jag framme..
[22:25:00] [Server thread/INFO]: <Popkrull> VAD?
[22:25:01] [Server thread/INFO]: <Storsnoppen> VTF???
[22:25:06] [Server thread/INFO]: <Storsnoppen> var är du??
[22:25:13] [Server thread/INFO]: <Popkrull> A de här är ju mer än 59 sek :P
[22:25:30] [Server thread/INFO]: <Storsnoppen> du åkte tillbaka
[22:25:33] [Server thread/INFO]: <Storsnoppen> godnatt
[22:25:33] [Server thread/INFO]: <Popkrull> ..
[22:25:34] [Server thread/INFO]: Storsnoppen lost connection: TextComponent{text='Disconnected', siblings=[], style=Style{hasParent=false, color=null, bold=null, italic=null, underlined=null, obfuscated=null, clickEvent=null, hoverEvent=null, insertion=null}}
[22:25:34] [Server thread/INFO]: Storsnoppen left the game
[22:25:35] [Server thread/INFO]: <Popkrull> OJWQPFAS
[22:25:38] [Server thread/INFO]: Stopping server
[22:25:38] [Server thread/INFO]: Saving players
[22:25:38] [Server thread/INFO]: Saving worlds
[22:25:38] [Server thread/INFO]: Saving chunks for level 'world'/Overworld
[22:25:38] [Server thread/INFO]: Saving chunks for level 'world'/Nether
[22:25:38] [Server thread/INFO]: Saving chunks for level 'world'/The End
[22:25:38] [Server Shutdown Thread/INFO]: Stopping server
[22:25:38] [Server Shutdown Thread/INFO]: Saving players
[15:30:31] [Server console handler/ERROR]: Exception handling console input
java.io.IOException: The handle is invalid
	at java.io.FileInputStream.readBytes(Native Method) ~[?:1.8.0_25]
	at java.io.FileInputStream.read(Unknown Source) ~[?:1.8.0_25]
	at java.io.BufferedInputStream.read1(Unknown Source) ~[?:1.8.0_25]
	at java.io.BufferedInputStream.read(Unknown Source) ~[?:1.8.0_25]
	at sun.nio.cs.StreamDecoder.readBytes(Unknown Source) ~[?:1.8.0_25]
	at sun.nio.cs.StreamDecoder.implRead(Unknown Source) ~[?:1.8.0_25]
	at sun.nio.cs.StreamDecoder.read(Unknown Source) ~[?:1.8.0_25]
	at java.io.InputStreamReader.read(Unknown Source) ~[?:1.8.0_25]
	at java.io.BufferedReader.fill(Unknown Source) ~[?:1.8.0_25]
	at java.io.BufferedReader.readLine(Unknown Source) ~[?:1.8.0_25]
	at java.io.BufferedReader.readLine(Unknown Source) ~[?:1.8.0_25]
	at kp$2.run(SourceFile:81) [minecraft_server.1.8.3.exe:?]
[15:30:31] [Server thread/INFO]: Starting minecraft server version 1.8.3
[15:30:31] [Server thread/INFO]: Loading properties
[15:30:31] [Server thread/INFO]: Default game type: SURVIVAL
[15:30:31] [Server thread/INFO]: Generating keypair
