[21:30:13] [Server thread/INFO]: Starting minecraft server version 1.8.3
[21:30:13] [Server thread/WARN]: To start the server with more ram, launch it as "java -Xmx1024M -Xms1024M -jar minecraft_server.jar"
[21:30:13] [Server thread/INFO]: Loading properties
[21:30:13] [Server thread/INFO]: Default game type: SURVIVAL
[21:30:13] [Server thread/INFO]: Generating keypair
[21:30:13] [Server thread/INFO]: Starting Minecraft server on *:25565
[21:30:13] [Server thread/INFO]: Using default channel type
[21:30:13] [Server thread/INFO]: Preparing level "world"
[21:30:13] [Server thread/INFO]: Preparing start region for level 0
[21:30:14] [Server thread/INFO]: Preparing spawn area: 22%
[21:30:16] [Server thread/INFO]: Preparing spawn area: 80%
[21:30:16] [Server thread/INFO]: Done (2.716s)! For help, type "help" or "?"
[21:30:27] [Server thread/INFO]: Game rule has been updated
[21:30:35] [User Authenticator #1/INFO]: UUID of player Vilgot is c10c7ee2-d9bc-46bb-bd91-ae941103a955
[21:30:35] [Server thread/INFO]: Vilgot[/85.230.14.47:62824] logged in with entity id 154 at (423.16868373746564, 84.0, 553.0719224194828)
[21:30:35] [Server thread/INFO]: Vilgot (formerly known as Vilgot2000) joined the game
[21:30:51] [Server thread/WARN]: Can't keep up! Did the system time change, or is the server overloaded? Running 2389ms behind, skipping 47 tick(s)
[21:31:00] [User Authenticator #2/INFO]: UUID of player Storsnoppen is c15bc5ef-c321-4602-a794-18374116ab12
[21:31:00] [Server thread/INFO]: Storsnoppen[/213.66.254.162:61483] logged in with entity id 2913 at (355.0775644495685, 71.0, 602.478486060233)
[21:31:00] [Server thread/INFO]: Storsnoppen (formerly known as mustafakatt) joined the game
[21:31:10] [Server thread/WARN]: Can't keep up! Did the system time change, or is the server overloaded? Running 2800ms behind, skipping 56 tick(s)
[21:32:56] [Server thread/WARN]: Can't keep up! Did the system time change, or is the server overloaded? Running 2293ms behind, skipping 45 tick(s)
[21:33:19] [Server thread/WARN]: Can't keep up! Did the system time change, or is the server overloaded? Running 2623ms behind, skipping 52 tick(s)
[21:33:40] [Server thread/WARN]: Can't keep up! Did the system time change, or is the server overloaded? Running 6631ms behind, skipping 132 tick(s)
[21:34:01] [Server thread/WARN]: Can't keep up! Did the system time change, or is the server overloaded? Running 2159ms behind, skipping 43 tick(s)
[21:34:39] [Server thread/WARN]: Can't keep up! Did the system time change, or is the server overloaded? Running 2573ms behind, skipping 51 tick(s)
[21:35:02] [Server thread/WARN]: Can't keep up! Did the system time change, or is the server overloaded? Running 8119ms behind, skipping 162 tick(s)
[21:36:10] [Server thread/WARN]: Can't keep up! Did the system time change, or is the server overloaded? Running 2047ms behind, skipping 40 tick(s)
[21:40:09] [Server thread/WARN]: Can't keep up! Did the system time change, or is the server overloaded? Running 2333ms behind, skipping 46 tick(s)
[21:41:00] [Server thread/WARN]: Can't keep up! Did the system time change, or is the server overloaded? Running 2053ms behind, skipping 41 tick(s)
[21:42:07] [Server thread/WARN]: Can't keep up! Did the system time change, or is the server overloaded? Running 3146ms behind, skipping 62 tick(s)
[21:45:25] [Server thread/WARN]: Can't keep up! Did the system time change, or is the server overloaded? Running 2717ms behind, skipping 54 tick(s)
[21:45:43] [Server thread/WARN]: Can't keep up! Did the system time change, or is the server overloaded? Running 3656ms behind, skipping 73 tick(s)
[21:46:28] [Server thread/WARN]: Can't keep up! Did the system time change, or is the server overloaded? Running 2039ms behind, skipping 40 tick(s)
[21:46:36] [Server thread/INFO]: Vilgot lost connection: TranslatableComponent{key='disconnect.timeout', args=[], siblings=[], style=Style{hasParent=false, color=null, bold=null, italic=null, underlined=null, obfuscated=null, clickEvent=null, hoverEvent=null, insertion=null}}
[21:46:36] [Server thread/INFO]: Vilgot left the game
[21:46:37] [Server thread/INFO]: Storsnoppen lost connection: TranslatableComponent{key='disconnect.timeout', args=[], siblings=[], style=Style{hasParent=false, color=null, bold=null, italic=null, underlined=null, obfuscated=null, clickEvent=null, hoverEvent=null, insertion=null}}
[21:46:37] [Server thread/INFO]: Storsnoppen left the game
[21:48:00] [User Authenticator #3/INFO]: UUID of player Storsnoppen is c15bc5ef-c321-4602-a794-18374116ab12
[21:48:00] [Server thread/INFO]: Storsnoppen[/213.66.254.162:54286] logged in with entity id 36123 at (353.807927961176, 69.0, 600.5116925558874)
[21:48:00] [Server thread/INFO]: Storsnoppen (formerly known as mustafakatt) joined the game
[21:48:02] [User Authenticator #4/INFO]: UUID of player Vilgot is c10c7ee2-d9bc-46bb-bd91-ae941103a955
[21:48:03] [Server thread/INFO]: Vilgot[/85.230.14.47:63090] logged in with entity id 36358 at (65.36288244836362, 73.0, 114.41048008784261)
[21:48:03] [Server thread/INFO]: Vilgot (formerly known as Vilgot2000) joined the game
[21:48:07] [Server thread/WARN]: Can't keep up! Did the system time change, or is the server overloaded? Running 4591ms behind, skipping 91 tick(s)
[21:48:33] [Server thread/WARN]: Can't keep up! Did the system time change, or is the server overloaded? Running 3274ms behind, skipping 65 tick(s)
[21:48:58] [Server thread/WARN]: Can't keep up! Did the system time change, or is the server overloaded? Running 10829ms behind, skipping 216 tick(s)
[21:49:05] [Server thread/WARN]: Can't keep up! Did the system time change, or is the server overloaded? Running 2350ms behind, skipping 47 tick(s)
[21:49:52] [Server thread/WARN]: Can't keep up! Did the system time change, or is the server overloaded? Running 2856ms behind, skipping 57 tick(s)
[21:49:53] [Server thread/INFO]: Vilgot has just earned the achievement [Into Fire]
[21:50:19] [Server thread/WARN]: Can't keep up! Did the system time change, or is the server overloaded? Running 9990ms behind, skipping 199 tick(s)
[21:50:32] [Server thread/WARN]: Can't keep up! Did the system time change, or is the server overloaded? Running 3959ms behind, skipping 79 tick(s)
[21:50:58] [Server thread/WARN]: Can't keep up! Did the system time change, or is the server overloaded? Running 4080ms behind, skipping 81 tick(s)
[21:51:08] [Server thread/INFO]: Vilgot lost connection: TextComponent{text='Disconnected', siblings=[], style=Style{hasParent=false, color=null, bold=null, italic=null, underlined=null, obfuscated=null, clickEvent=null, hoverEvent=null, insertion=null}}
[21:51:08] [Server thread/INFO]: Vilgot left the game
[21:51:20] [Server thread/WARN]: Can't keep up! Did the system time change, or is the server overloaded? Running 10043ms behind, skipping 200 tick(s)
[21:51:28] [Server thread/WARN]: Can't keep up! Did the system time change, or is the server overloaded? Running 2232ms behind, skipping 44 tick(s)
[21:51:36] [User Authenticator #5/INFO]: UUID of player Vilgot is c10c7ee2-d9bc-46bb-bd91-ae941103a955
[21:51:36] [Server thread/INFO]: Vilgot[/85.230.14.47:63121] logged in with entity id 42425 at (162.47237367085518, 70.78502770378924, 157.01635855106605)
[21:51:36] [Server thread/INFO]: Vilgot (formerly known as Vilgot2000) joined the game
[21:51:44] [Server thread/WARN]: Can't keep up! Did the system time change, or is the server overloaded? Running 2226ms behind, skipping 44 tick(s)
[21:51:47] [Server thread/INFO]: Vilgot lost connection: TextComponent{text='Disconnected', siblings=[], style=Style{hasParent=false, color=null, bold=null, italic=null, underlined=null, obfuscated=null, clickEvent=null, hoverEvent=null, insertion=null}}
[21:51:47] [Server thread/INFO]: Vilgot left the game
[21:51:50] [User Authenticator #6/INFO]: UUID of player Vilgot is c10c7ee2-d9bc-46bb-bd91-ae941103a955
[21:51:50] [Server thread/INFO]: Vilgot[/85.230.14.47:63125] logged in with entity id 42927 at (175.622901190852, 70.60739545004866, 159.10914163275075)
[21:51:50] [Server thread/INFO]: Vilgot (formerly known as Vilgot2000) joined the game
[21:52:20] [Server thread/WARN]: Can't keep up! Did the system time change, or is the server overloaded? Running 12893ms behind, skipping 257 tick(s)
[21:52:59] [Server thread/WARN]: Can't keep up! Did the system time change, or is the server overloaded? Running 4998ms behind, skipping 99 tick(s)
